[0.008s] Invoking command in '/home/jakub/programming/nxp_car/build/cpp_pubsub': CMAKE_PREFIX_PATH=${CMAKE_PREFIX_PATH}:/opt/ros/humble /usr/bin/cmake /home/jakub/programming/nxp_car/src/cpp_pubsub -DCMAKE_INSTALL_PREFIX=/home/jakub/programming/nxp_car/install/cpp_pubsub
[0.047s] -- The C compiler identification is GNU 11.4.0
[0.088s] -- The CXX compiler identification is GNU 11.4.0
[0.093s] -- Detecting C compiler ABI info
[0.141s] -- Detecting C compiler ABI info - done
[0.147s] -- Check for working C compiler: /usr/bin/cc - skipped
[0.147s] -- Detecting C compile features
[0.148s] -- Detecting C compile features - done
[0.150s] -- Detecting CXX compiler ABI info
[0.205s] -- Detecting CXX compiler ABI info - done
[0.212s] -- Check for working CXX compiler: /usr/bin/c++ - skipped
[0.212s] -- Detecting CXX compile features
[0.212s] -- Detecting CXX compile features - done
[0.214s] -- Found ament_cmake: 1.3.11 (/opt/ros/humble/share/ament_cmake/cmake)
[0.325s] -- Found Python3: /usr/bin/python3 (found version "3.10.12") found components: Interpreter 
[0.388s] -- Found rclcpp: 16.0.11 (/opt/ros/humble/share/rclcpp/cmake)
[0.417s] -- Found rosidl_generator_c: 3.1.6 (/opt/ros/humble/share/rosidl_generator_c/cmake)
[0.421s] -- Found rosidl_adapter: 3.1.6 (/opt/ros/humble/share/rosidl_adapter/cmake)
[0.426s] -- Found rosidl_generator_cpp: 3.1.6 (/opt/ros/humble/share/rosidl_generator_cpp/cmake)
[0.435s] -- Using all available rosidl_typesupport_c: rosidl_typesupport_fastrtps_c;rosidl_typesupport_introspection_c
[0.447s] -- Using all available rosidl_typesupport_cpp: rosidl_typesupport_fastrtps_cpp;rosidl_typesupport_introspection_cpp
[0.480s] -- Found rmw_implementation_cmake: 6.1.2 (/opt/ros/humble/share/rmw_implementation_cmake/cmake)
[0.482s] -- Found rmw_fastrtps_cpp: 6.2.7 (/opt/ros/humble/share/rmw_fastrtps_cpp/cmake)
[0.538s] -- Found OpenSSL: /usr/lib/x86_64-linux-gnu/libcrypto.so (found version "3.0.2")  
[0.557s] -- Found FastRTPS: /opt/ros/humble/include  
[0.584s] -- Using RMW implementation 'rmw_fastrtps_cpp' as default
[0.590s] -- Looking for pthread.h
[0.641s] -- Looking for pthread.h - found
[0.641s] -- Performing Test CMAKE_HAVE_LIBC_PTHREAD
[0.694s] -- Performing Test CMAKE_HAVE_LIBC_PTHREAD - Success
[0.695s] -- Found Threads: TRUE  
[0.795s] -- Configuring done
[0.803s] -- Generating done
[0.806s] -- Build files have been written to: /home/jakub/programming/nxp_car/build/cpp_pubsub
[0.812s] Invoked command in '/home/jakub/programming/nxp_car/build/cpp_pubsub' returned '0': CMAKE_PREFIX_PATH=${CMAKE_PREFIX_PATH}:/opt/ros/humble /usr/bin/cmake /home/jakub/programming/nxp_car/src/cpp_pubsub -DCMAKE_INSTALL_PREFIX=/home/jakub/programming/nxp_car/install/cpp_pubsub
[0.814s] Invoking command in '/home/jakub/programming/nxp_car/build/cpp_pubsub': CMAKE_PREFIX_PATH=${CMAKE_PREFIX_PATH}:/opt/ros/humble /usr/bin/cmake --build /home/jakub/programming/nxp_car/build/cpp_pubsub -- -j12 -l12
[0.847s] [ 50%] [32mBuilding CXX object CMakeFiles/talker.dir/src/publisher_member_function.cpp.o[0m
[0.847s] [ 50%] [32mBuilding CXX object CMakeFiles/listener.dir/src/subscriber_member_function.cpp.o[0m
[4.226s] [ 75%] [32m[1mLinking CXX executable talker[0m
[4.364s] [ 75%] Built target talker
[7.293s] [100%] [32m[1mLinking CXX executable listener[0m
[7.559s] [100%] Built target listener
[7.569s] Invoked command in '/home/jakub/programming/nxp_car/build/cpp_pubsub' returned '0': CMAKE_PREFIX_PATH=${CMAKE_PREFIX_PATH}:/opt/ros/humble /usr/bin/cmake --build /home/jakub/programming/nxp_car/build/cpp_pubsub -- -j12 -l12
[7.576s] Invoking command in '/home/jakub/programming/nxp_car/build/cpp_pubsub': CMAKE_PREFIX_PATH=${CMAKE_PREFIX_PATH}:/opt/ros/humble /usr/bin/cmake --install /home/jakub/programming/nxp_car/build/cpp_pubsub
[7.581s] -- Install configuration: ""
[7.581s] -- Installing: /home/jakub/programming/nxp_car/install/cpp_pubsub/lib/cpp_pubsub/talker
[7.582s] -- Set runtime path of "/home/jakub/programming/nxp_car/install/cpp_pubsub/lib/cpp_pubsub/talker" to ""
[7.582s] -- Installing: /home/jakub/programming/nxp_car/install/cpp_pubsub/lib/cpp_pubsub/listener
[7.584s] -- Set runtime path of "/home/jakub/programming/nxp_car/install/cpp_pubsub/lib/cpp_pubsub/listener" to ""
[7.584s] -- Installing: /home/jakub/programming/nxp_car/install/cpp_pubsub/share/ament_index/resource_index/package_run_dependencies/cpp_pubsub
[7.584s] -- Installing: /home/jakub/programming/nxp_car/install/cpp_pubsub/share/ament_index/resource_index/parent_prefix_path/cpp_pubsub
[7.584s] -- Installing: /home/jakub/programming/nxp_car/install/cpp_pubsub/share/cpp_pubsub/environment/ament_prefix_path.sh
[7.584s] -- Installing: /home/jakub/programming/nxp_car/install/cpp_pubsub/share/cpp_pubsub/environment/ament_prefix_path.dsv
[7.584s] -- Installing: /home/jakub/programming/nxp_car/install/cpp_pubsub/share/cpp_pubsub/environment/path.sh
[7.585s] -- Installing: /home/jakub/programming/nxp_car/install/cpp_pubsub/share/cpp_pubsub/environment/path.dsv
[7.585s] -- Installing: /home/jakub/programming/nxp_car/install/cpp_pubsub/share/cpp_pubsub/local_setup.bash
[7.585s] -- Installing: /home/jakub/programming/nxp_car/install/cpp_pubsub/share/cpp_pubsub/local_setup.sh
[7.585s] -- Installing: /home/jakub/programming/nxp_car/install/cpp_pubsub/share/cpp_pubsub/local_setup.zsh
[7.585s] -- Installing: /home/jakub/programming/nxp_car/install/cpp_pubsub/share/cpp_pubsub/local_setup.dsv
[7.585s] -- Installing: /home/jakub/programming/nxp_car/install/cpp_pubsub/share/cpp_pubsub/package.dsv
[7.585s] -- Installing: /home/jakub/programming/nxp_car/install/cpp_pubsub/share/ament_index/resource_index/packages/cpp_pubsub
[7.585s] -- Installing: /home/jakub/programming/nxp_car/install/cpp_pubsub/share/cpp_pubsub/cmake/cpp_pubsubConfig.cmake
[7.585s] -- Installing: /home/jakub/programming/nxp_car/install/cpp_pubsub/share/cpp_pubsub/cmake/cpp_pubsubConfig-version.cmake
[7.585s] -- Installing: /home/jakub/programming/nxp_car/install/cpp_pubsub/share/cpp_pubsub/package.xml
[7.587s] Invoked command in '/home/jakub/programming/nxp_car/build/cpp_pubsub' returned '0': CMAKE_PREFIX_PATH=${CMAKE_PREFIX_PATH}:/opt/ros/humble /usr/bin/cmake --install /home/jakub/programming/nxp_car/build/cpp_pubsub
