[0.008s] Invoking command in '/home/jakub/programming/nxp_car/build/turtlesim': CMAKE_PREFIX_PATH=/opt/ros/humble /usr/bin/cmake /home/jakub/programming/nxp_car/src/ros_tutorials/turtlesim -DCMAKE_INSTALL_PREFIX=/home/jakub/programming/nxp_car/install/turtlesim
[0.097s] -- The C compiler identification is GNU 11.4.0
[0.180s] -- The CXX compiler identification is GNU 11.4.0
[0.190s] -- Detecting C compiler ABI info
[0.250s] -- Detecting C compiler ABI info - done
[0.256s] -- Check for working C compiler: /usr/bin/cc - skipped
[0.256s] -- Detecting C compile features
[0.257s] -- Detecting C compile features - done
[0.260s] -- Detecting CXX compiler ABI info
[0.317s] -- Detecting CXX compiler ABI info - done
[0.324s] -- Check for working CXX compiler: /usr/bin/c++ - skipped
[0.324s] -- Detecting CXX compile features
[0.324s] -- Detecting CXX compile features - done
[0.328s] -- Found ament_cmake: 1.3.11 (/opt/ros/humble/share/ament_cmake/cmake)
[0.442s] -- Found Python3: /usr/bin/python3 (found version "3.10.12") found components: Interpreter 
[0.516s] -- Found ament_index_cpp: 1.4.0 (/opt/ros/humble/share/ament_index_cpp/cmake)
[0.518s] -- Found geometry_msgs: 4.2.4 (/opt/ros/humble/share/geometry_msgs/cmake)
[0.561s] -- Found rosidl_generator_c: 3.1.6 (/opt/ros/humble/share/rosidl_generator_c/cmake)
[0.565s] -- Found rosidl_adapter: 3.1.6 (/opt/ros/humble/share/rosidl_adapter/cmake)
[0.573s] -- Found rosidl_generator_cpp: 3.1.6 (/opt/ros/humble/share/rosidl_generator_cpp/cmake)
[0.585s] -- Using all available rosidl_typesupport_c: rosidl_typesupport_fastrtps_c;rosidl_typesupport_introspection_c
[0.605s] -- Using all available rosidl_typesupport_cpp: rosidl_typesupport_fastrtps_cpp;rosidl_typesupport_introspection_cpp
[0.661s] -- Found rclcpp: 16.0.11 (/opt/ros/humble/share/rclcpp/cmake)
[0.720s] -- Found rmw_implementation_cmake: 6.1.2 (/opt/ros/humble/share/rmw_implementation_cmake/cmake)
[0.726s] -- Found rmw_fastrtps_cpp: 6.2.7 (/opt/ros/humble/share/rmw_fastrtps_cpp/cmake)
[0.789s] -- Found OpenSSL: /usr/lib/x86_64-linux-gnu/libcrypto.so (found version "3.0.2")  
[0.809s] -- Found FastRTPS: /opt/ros/humble/include  
[0.837s] -- Using RMW implementation 'rmw_fastrtps_cpp' as default
[0.844s] -- Looking for pthread.h
[0.902s] -- Looking for pthread.h - found
[0.902s] -- Performing Test CMAKE_HAVE_LIBC_PTHREAD
[1.003s] -- Performing Test CMAKE_HAVE_LIBC_PTHREAD - Success
[1.006s] -- Found Threads: TRUE  
[1.061s] -- Found rclcpp_action: 16.0.11 (/opt/ros/humble/share/rclcpp_action/cmake)
[1.107s] -- Found rosidl_default_generators: 1.2.0 (/opt/ros/humble/share/rosidl_default_generators/cmake)
[1.117s] -- Found std_srvs: 4.2.4 (/opt/ros/humble/share/std_srvs/cmake)
[1.374s] -- Found ament_cmake_ros: 0.10.0 (/opt/ros/humble/share/ament_cmake_ros/cmake)
[1.609s] -- Using all available rosidl_typesupport_c: rosidl_typesupport_fastrtps_c;rosidl_typesupport_introspection_c
[1.702s] -- Using all available rosidl_typesupport_cpp: rosidl_typesupport_fastrtps_cpp;rosidl_typesupport_introspection_cpp
[1.719s] -- Found PythonInterp: /usr/bin/python3 (found suitable version "3.10.12", minimum required is "3.6") 
[1.720s] -- Found python_cmake_module: 0.10.0 (/opt/ros/humble/share/python_cmake_module/cmake)
[1.740s] -- Found PythonLibs: /usr/lib/x86_64-linux-gnu/libpython3.10.so (found suitable version "3.10.12", minimum required is "3.5") 
[1.740s] -- Using PYTHON_EXECUTABLE: /usr/bin/python3
[1.740s] -- Using PYTHON_INCLUDE_DIRS: /usr/include/python3.10
[1.740s] -- Using PYTHON_LIBRARIES: /usr/lib/x86_64-linux-gnu/libpython3.10.so
[1.756s] -- Found PythonExtra: .so  
[1.800s] -- Configuring done
[1.847s] -- Generating done
[1.863s] -- Build files have been written to: /home/jakub/programming/nxp_car/build/turtlesim
[1.873s] Invoked command in '/home/jakub/programming/nxp_car/build/turtlesim' returned '0': CMAKE_PREFIX_PATH=/opt/ros/humble /usr/bin/cmake /home/jakub/programming/nxp_car/src/ros_tutorials/turtlesim -DCMAKE_INSTALL_PREFIX=/home/jakub/programming/nxp_car/install/turtlesim
[1.874s] Invoking command in '/home/jakub/programming/nxp_car/build/turtlesim': CMAKE_PREFIX_PATH=/opt/ros/humble /usr/bin/cmake --build /home/jakub/programming/nxp_car/build/turtlesim -- -j12 -l12
[1.902s] [  1%] [34m[1mGenerating C code for ROS interfaces[0m
[1.909s] [  2%] [34m[1mGenerating C++ code for ROS interfaces[0m
[1.915s] [  2%] Built target ament_cmake_python_copy_turtlesim
[2.112s] running egg_info
[2.112s] creating turtlesim.egg-info
[2.113s] writing turtlesim.egg-info/PKG-INFO
[2.113s] writing dependency_links to turtlesim.egg-info/dependency_links.txt
[2.113s] writing top-level names to turtlesim.egg-info/top_level.txt
[2.113s] writing manifest file 'turtlesim.egg-info/SOURCES.txt'
[2.115s] reading manifest file 'turtlesim.egg-info/SOURCES.txt'
[2.115s] writing manifest file 'turtlesim.egg-info/SOURCES.txt'
[2.134s] [  2%] Built target ament_cmake_python_build_turtlesim_egg
[2.734s] [  2%] Built target turtlesim__cpp
[2.743s] [  4%] [34m[1mGenerating C++ introspection for ROS interfaces[0m
[2.743s] [  4%] [34m[1mGenerating C++ type support dispatch for ROS interfaces[0m
[2.743s] [  5%] [34m[1mGenerating C++ type support for eProsima Fast-RTPS[0m
[2.747s] [  6%] [32mBuilding C object CMakeFiles/turtlesim__rosidl_generator_c.dir/rosidl_generator_c/turtlesim/action/detail/rotate_absolute__functions.c.o[0m
[2.748s] [  7%] [32mBuilding C object CMakeFiles/turtlesim__rosidl_generator_c.dir/rosidl_generator_c/turtlesim/msg/detail/pose__functions.c.o[0m
[2.749s] [  9%] [32mBuilding C object CMakeFiles/turtlesim__rosidl_generator_c.dir/rosidl_generator_c/turtlesim/msg/detail/color__functions.c.o[0m
[2.749s] [  9%] [32mBuilding C object CMakeFiles/turtlesim__rosidl_generator_c.dir/rosidl_generator_c/turtlesim/srv/detail/spawn__functions.c.o[0m
[2.749s] [ 10%] [32mBuilding C object CMakeFiles/turtlesim__rosidl_generator_c.dir/rosidl_generator_c/turtlesim/srv/detail/kill__functions.c.o[0m
[2.749s] [ 11%] [32mBuilding C object CMakeFiles/turtlesim__rosidl_generator_c.dir/rosidl_generator_c/turtlesim/srv/detail/set_pen__functions.c.o[0m
[2.750s] [ 12%] [32mBuilding C object CMakeFiles/turtlesim__rosidl_generator_c.dir/rosidl_generator_c/turtlesim/srv/detail/teleport_absolute__functions.c.o[0m
[2.750s] [ 13%] [32mBuilding C object CMakeFiles/turtlesim__rosidl_generator_c.dir/rosidl_generator_c/turtlesim/srv/detail/teleport_relative__functions.c.o[0m
[2.879s] [ 14%] [32m[1mLinking C shared library libturtlesim__rosidl_generator_c.so[0m
[2.908s] [ 14%] Built target turtlesim__rosidl_generator_c
[2.915s] [ 17%] [34m[1mGenerating C type support for eProsima Fast-RTPS[0m
[2.916s] [ 17%] [34m[1mGenerating C introspection for ROS interfaces[0m
[2.916s] [ 17%] [34m[1mGenerating C type support dispatch for ROS interfaces[0m
[3.242s] [ 19%] [32mBuilding CXX object CMakeFiles/turtlesim__rosidl_typesupport_cpp.dir/rosidl_typesupport_cpp/turtlesim/action/rotate_absolute__type_support.cpp.o[0m
[3.243s] [ 19%] [32mBuilding CXX object CMakeFiles/turtlesim__rosidl_typesupport_cpp.dir/rosidl_typesupport_cpp/turtlesim/msg/color__type_support.cpp.o[0m
[3.243s] [ 20%] [32mBuilding CXX object CMakeFiles/turtlesim__rosidl_typesupport_cpp.dir/rosidl_typesupport_cpp/turtlesim/srv/kill__type_support.cpp.o[0m
[3.243s] [ 21%] [32mBuilding CXX object CMakeFiles/turtlesim__rosidl_typesupport_cpp.dir/rosidl_typesupport_cpp/turtlesim/srv/set_pen__type_support.cpp.o[0m
[3.244s] [ 22%] [32mBuilding CXX object CMakeFiles/turtlesim__rosidl_typesupport_cpp.dir/rosidl_typesupport_cpp/turtlesim/srv/spawn__type_support.cpp.o[0m
[3.244s] [ 23%] [32mBuilding CXX object CMakeFiles/turtlesim__rosidl_typesupport_cpp.dir/rosidl_typesupport_cpp/turtlesim/msg/pose__type_support.cpp.o[0m
[3.248s] [ 24%] [32mBuilding CXX object CMakeFiles/turtlesim__rosidl_typesupport_cpp.dir/rosidl_typesupport_cpp/turtlesim/srv/teleport_absolute__type_support.cpp.o[0m
[3.570s] [ 25%] [32mBuilding CXX object CMakeFiles/turtlesim__rosidl_typesupport_c.dir/rosidl_typesupport_c/turtlesim/action/rotate_absolute__type_support.cpp.o[0m
[3.620s] [ 26%] [32mBuilding CXX object CMakeFiles/turtlesim__rosidl_typesupport_introspection_cpp.dir/rosidl_typesupport_introspection_cpp/turtlesim/action/detail/rotate_absolute__type_support.cpp.o[0m
[3.639s] [ 27%] [32mBuilding CXX object CMakeFiles/turtlesim__rosidl_typesupport_c.dir/rosidl_typesupport_c/turtlesim/msg/color__type_support.cpp.o[0m
[3.655s] [ 29%] [32mBuilding CXX object CMakeFiles/turtlesim__rosidl_typesupport_introspection_cpp.dir/rosidl_typesupport_introspection_cpp/turtlesim/msg/detail/color__type_support.cpp.o[0m
[3.655s] [ 29%] [32mBuilding CXX object CMakeFiles/turtlesim__rosidl_typesupport_c.dir/rosidl_typesupport_c/turtlesim/msg/pose__type_support.cpp.o[0m
[3.660s] [ 30%] [32mBuilding CXX object CMakeFiles/turtlesim__rosidl_typesupport_cpp.dir/rosidl_typesupport_cpp/turtlesim/srv/teleport_relative__type_support.cpp.o[0m
[3.663s] [ 31%] [32mBuilding CXX object CMakeFiles/turtlesim__rosidl_typesupport_introspection_cpp.dir/rosidl_typesupport_introspection_cpp/turtlesim/msg/detail/pose__type_support.cpp.o[0m
[3.669s] [ 32%] [32mBuilding CXX object CMakeFiles/turtlesim__rosidl_typesupport_introspection_cpp.dir/rosidl_typesupport_introspection_cpp/turtlesim/srv/detail/kill__type_support.cpp.o[0m
[3.677s] [ 33%] [32mBuilding CXX object CMakeFiles/turtlesim__rosidl_typesupport_c.dir/rosidl_typesupport_c/turtlesim/srv/kill__type_support.cpp.o[0m
[3.681s] [ 34%] [32mBuilding CXX object CMakeFiles/turtlesim__rosidl_typesupport_c.dir/rosidl_typesupport_c/turtlesim/srv/set_pen__type_support.cpp.o[0m
[3.697s] [ 35%] [32mBuilding CXX object CMakeFiles/turtlesim__rosidl_typesupport_introspection_cpp.dir/rosidl_typesupport_introspection_cpp/turtlesim/srv/detail/set_pen__type_support.cpp.o[0m
[3.720s] [ 36%] [32mBuilding CXX object CMakeFiles/turtlesim__rosidl_typesupport_c.dir/rosidl_typesupport_c/turtlesim/srv/spawn__type_support.cpp.o[0m
[3.728s] [ 37%] [32mBuilding CXX object CMakeFiles/turtlesim__rosidl_typesupport_c.dir/rosidl_typesupport_c/turtlesim/srv/teleport_absolute__type_support.cpp.o[0m
[3.761s] [ 38%] [32mBuilding CXX object CMakeFiles/turtlesim__rosidl_typesupport_introspection_cpp.dir/rosidl_typesupport_introspection_cpp/turtlesim/srv/detail/spawn__type_support.cpp.o[0m
[3.766s] [ 39%] [32mBuilding CXX object CMakeFiles/turtlesim__rosidl_typesupport_c.dir/rosidl_typesupport_c/turtlesim/srv/teleport_relative__type_support.cpp.o[0m
[3.805s] [ 40%] [32m[1mLinking CXX shared library libturtlesim__rosidl_typesupport_c.so[0m
[3.869s] [ 40%] Built target turtlesim__rosidl_typesupport_c
[3.886s] [ 41%] [32mBuilding CXX object CMakeFiles/turtlesim__rosidl_typesupport_introspection_cpp.dir/rosidl_typesupport_introspection_cpp/turtlesim/srv/detail/teleport_absolute__type_support.cpp.o[0m
[3.911s] [ 42%] [32mBuilding CXX object CMakeFiles/turtlesim__rosidl_typesupport_fastrtps_cpp.dir/rosidl_typesupport_fastrtps_cpp/turtlesim/action/detail/dds_fastrtps/rotate_absolute__type_support.cpp.o[0m
[4.009s] [ 43%] [32mBuilding C object CMakeFiles/turtlesim__rosidl_typesupport_introspection_c.dir/rosidl_typesupport_introspection_c/turtlesim/action/detail/rotate_absolute__type_support.c.o[0m
[4.034s] [ 44%] [32mBuilding C object CMakeFiles/turtlesim__rosidl_typesupport_introspection_c.dir/rosidl_typesupport_introspection_c/turtlesim/msg/detail/color__type_support.c.o[0m
[4.036s] [ 45%] [32m[1mLinking CXX shared library libturtlesim__rosidl_typesupport_cpp.so[0m
[4.078s] [ 46%] [32mBuilding C object CMakeFiles/turtlesim__rosidl_typesupport_introspection_c.dir/rosidl_typesupport_introspection_c/turtlesim/msg/detail/pose__type_support.c.o[0m
[4.090s] [ 47%] [32mBuilding CXX object CMakeFiles/turtlesim__rosidl_typesupport_fastrtps_cpp.dir/rosidl_typesupport_fastrtps_cpp/turtlesim/msg/detail/dds_fastrtps/color__type_support.cpp.o[0m
[4.102s] [ 47%] Built target turtlesim__rosidl_typesupport_cpp
[4.116s] [ 48%] [32mBuilding CXX object CMakeFiles/turtlesim__rosidl_typesupport_introspection_cpp.dir/rosidl_typesupport_introspection_cpp/turtlesim/srv/detail/teleport_relative__type_support.cpp.o[0m
[4.163s] [ 49%] [32mBuilding C object CMakeFiles/turtlesim__rosidl_typesupport_introspection_c.dir/rosidl_typesupport_introspection_c/turtlesim/srv/detail/kill__type_support.c.o[0m
[4.220s] [ 50%] [32mBuilding CXX object CMakeFiles/turtlesim__rosidl_typesupport_fastrtps_cpp.dir/rosidl_typesupport_fastrtps_cpp/turtlesim/msg/detail/dds_fastrtps/pose__type_support.cpp.o[0m
[4.239s] [ 51%] [32mBuilding CXX object CMakeFiles/turtlesim__rosidl_typesupport_fastrtps_cpp.dir/rosidl_typesupport_fastrtps_cpp/turtlesim/srv/detail/dds_fastrtps/kill__type_support.cpp.o[0m
[4.240s] [ 52%] [32mBuilding CXX object CMakeFiles/turtlesim__rosidl_typesupport_fastrtps_c.dir/rosidl_typesupport_fastrtps_c/turtlesim/action/detail/rotate_absolute__type_support_c.cpp.o[0m
[4.245s] [ 53%] [32mBuilding CXX object CMakeFiles/turtlesim__rosidl_typesupport_fastrtps_cpp.dir/rosidl_typesupport_fastrtps_cpp/turtlesim/srv/detail/dds_fastrtps/set_pen__type_support.cpp.o[0m
[4.261s] [ 54%] [32mBuilding C object CMakeFiles/turtlesim__rosidl_typesupport_introspection_c.dir/rosidl_typesupport_introspection_c/turtlesim/srv/detail/set_pen__type_support.c.o[0m
[4.306s] [ 55%] [32mBuilding CXX object CMakeFiles/turtlesim__rosidl_typesupport_fastrtps_c.dir/rosidl_typesupport_fastrtps_c/turtlesim/msg/detail/color__type_support_c.cpp.o[0m
[4.308s] [ 56%] [32mBuilding CXX object CMakeFiles/turtlesim__rosidl_typesupport_fastrtps_cpp.dir/rosidl_typesupport_fastrtps_cpp/turtlesim/srv/detail/dds_fastrtps/spawn__type_support.cpp.o[0m
[4.419s] [ 57%] [32mBuilding C object CMakeFiles/turtlesim__rosidl_typesupport_introspection_c.dir/rosidl_typesupport_introspection_c/turtlesim/srv/detail/spawn__type_support.c.o[0m
[4.474s] [ 58%] [32mBuilding C object CMakeFiles/turtlesim__rosidl_typesupport_introspection_c.dir/rosidl_typesupport_introspection_c/turtlesim/srv/detail/teleport_absolute__type_support.c.o[0m
[4.478s] [ 59%] [32mBuilding CXX object CMakeFiles/turtlesim__rosidl_typesupport_fastrtps_cpp.dir/rosidl_typesupport_fastrtps_cpp/turtlesim/srv/detail/dds_fastrtps/teleport_absolute__type_support.cpp.o[0m
[4.506s] [ 60%] [34m[1mGenerating include/turtlesim/moc_turtle_frame.cpp[0m
[4.526s] [ 61%] [32mBuilding C object CMakeFiles/turtlesim__rosidl_typesupport_introspection_c.dir/rosidl_typesupport_introspection_c/turtlesim/srv/detail/teleport_relative__type_support.c.o[0m
[4.572s] [ 62%] [32m[1mLinking C shared library libturtlesim__rosidl_typesupport_introspection_c.so[0m
[4.611s] [ 62%] Built target turtlesim__rosidl_typesupport_introspection_c
[4.620s] [ 63%] [32mBuilding CXX object CMakeFiles/turtlesim_node.dir/src/turtlesim.cpp.o[0m
[4.620s] [ 64%] [32mBuilding CXX object CMakeFiles/turtlesim__rosidl_typesupport_fastrtps_cpp.dir/rosidl_typesupport_fastrtps_cpp/turtlesim/srv/detail/dds_fastrtps/teleport_relative__type_support.cpp.o[0m
[4.666s] [ 65%] [32mBuilding CXX object CMakeFiles/turtlesim__rosidl_typesupport_fastrtps_c.dir/rosidl_typesupport_fastrtps_c/turtlesim/msg/detail/pose__type_support_c.cpp.o[0m
[4.670s] [ 66%] [32m[1mLinking CXX shared library libturtlesim__rosidl_typesupport_introspection_cpp.so[0m
[4.784s] [ 66%] Built target turtlesim__rosidl_typesupport_introspection_cpp
[4.789s] [ 67%] [32mBuilding CXX object CMakeFiles/turtlesim__rosidl_typesupport_fastrtps_c.dir/rosidl_typesupport_fastrtps_c/turtlesim/srv/detail/kill__type_support_c.cpp.o[0m
[4.794s] [ 68%] [32mBuilding CXX object CMakeFiles/turtlesim_node.dir/src/turtle.cpp.o[0m
[4.817s] [ 70%] [32mBuilding CXX object CMakeFiles/turtlesim_node.dir/src/turtle_frame.cpp.o[0m
[4.817s] [ 70%] [32mBuilding CXX object CMakeFiles/turtle_teleop_key.dir/tutorials/teleop_turtle_key.cpp.o[0m
[4.829s] [ 71%] [32mBuilding CXX object CMakeFiles/turtlesim__rosidl_typesupport_fastrtps_c.dir/rosidl_typesupport_fastrtps_c/turtlesim/srv/detail/set_pen__type_support_c.cpp.o[0m
[4.850s] [ 72%] [32mBuilding CXX object CMakeFiles/draw_square.dir/tutorials/draw_square.cpp.o[0m
[4.859s] [ 73%] [32mBuilding CXX object CMakeFiles/mimic.dir/tutorials/mimic.cpp.o[0m
[4.903s] [ 74%] [32mBuilding CXX object CMakeFiles/turtlesim_node.dir/include/turtlesim/moc_turtle_frame.cpp.o[0m
[5.056s] [ 75%] [32mBuilding CXX object CMakeFiles/turtlesim__rosidl_typesupport_fastrtps_c.dir/rosidl_typesupport_fastrtps_c/turtlesim/srv/detail/spawn__type_support_c.cpp.o[0m
[5.126s] [ 76%] [32mBuilding CXX object CMakeFiles/turtlesim__rosidl_typesupport_fastrtps_c.dir/rosidl_typesupport_fastrtps_c/turtlesim/srv/detail/teleport_absolute__type_support_c.cpp.o[0m
[5.188s] [ 77%] [32m[1mLinking CXX shared library libturtlesim__rosidl_typesupport_fastrtps_cpp.so[0m
[5.280s] [ 78%] [32mBuilding CXX object CMakeFiles/turtlesim__rosidl_typesupport_fastrtps_c.dir/rosidl_typesupport_fastrtps_c/turtlesim/srv/detail/teleport_relative__type_support_c.cpp.o[0m
[5.302s] [ 78%] Built target turtlesim__rosidl_typesupport_fastrtps_cpp
[5.609s] [ 79%] [32m[1mLinking CXX shared library libturtlesim__rosidl_typesupport_fastrtps_c.so[0m
[5.681s] [ 79%] Built target turtlesim__rosidl_typesupport_fastrtps_c
[5.696s] [ 79%] Built target turtlesim
[5.713s] [ 80%] [34m[1mGenerating Python code for ROS interfaces[0m
[7.645s] [ 80%] Built target turtlesim__py
[7.668s] [ 82%] [32mBuilding C object CMakeFiles/turtlesim__rosidl_generator_py.dir/rosidl_generator_py/turtlesim/msg/_color_s.c.o[0m
[7.669s] [ 82%] [32mBuilding C object CMakeFiles/turtlesim__rosidl_generator_py.dir/rosidl_generator_py/turtlesim/srv/_set_pen_s.c.o[0m
[7.669s] [ 83%] [32mBuilding C object CMakeFiles/turtlesim__rosidl_generator_py.dir/rosidl_generator_py/turtlesim/action/_rotate_absolute_s.c.o[0m
[7.669s] [ 84%] [32mBuilding C object CMakeFiles/turtlesim__rosidl_generator_py.dir/rosidl_generator_py/turtlesim/msg/_pose_s.c.o[0m
[7.669s] [ 85%] [32mBuilding C object CMakeFiles/turtlesim__rosidl_generator_py.dir/rosidl_generator_py/turtlesim/srv/_kill_s.c.o[0m
[7.835s] [ 86%] [32mBuilding C object CMakeFiles/turtlesim__rosidl_generator_py.dir/rosidl_generator_py/turtlesim/srv/_spawn_s.c.o[0m
[7.837s] [ 87%] [32mBuilding C object CMakeFiles/turtlesim__rosidl_generator_py.dir/rosidl_generator_py/turtlesim/srv/_teleport_absolute_s.c.o[0m
[7.842s] [ 88%] [32mBuilding C object CMakeFiles/turtlesim__rosidl_generator_py.dir/rosidl_generator_py/turtlesim/srv/_teleport_relative_s.c.o[0m
[7.999s] [ 89%] [32m[1mLinking C shared library rosidl_generator_py/turtlesim/libturtlesim__rosidl_generator_py.so[0m
[8.049s] [ 89%] Built target turtlesim__rosidl_generator_py
[8.072s] [ 91%] [32mBuilding C object CMakeFiles/turtlesim__rosidl_typesupport_fastrtps_c__pyext.dir/rosidl_generator_py/turtlesim/_turtlesim_s.ep.rosidl_typesupport_fastrtps_c.c.o[0m
[8.072s] [ 91%] [32mBuilding C object CMakeFiles/turtlesim__rosidl_typesupport_introspection_c__pyext.dir/rosidl_generator_py/turtlesim/_turtlesim_s.ep.rosidl_typesupport_introspection_c.c.o[0m
[8.072s] [ 92%] [32mBuilding C object CMakeFiles/turtlesim__rosidl_typesupport_c__pyext.dir/rosidl_generator_py/turtlesim/_turtlesim_s.ep.rosidl_typesupport_c.c.o[0m
[8.305s] [ 94%] [32m[1mLinking C shared library rosidl_generator_py/turtlesim/turtlesim_s__rosidl_typesupport_introspection_c.cpython-310-x86_64-linux-gnu.so[0m
[8.305s] [ 94%] [32m[1mLinking C shared library rosidl_generator_py/turtlesim/turtlesim_s__rosidl_typesupport_c.cpython-310-x86_64-linux-gnu.so[0m
[8.307s] [ 95%] [32m[1mLinking C shared library rosidl_generator_py/turtlesim/turtlesim_s__rosidl_typesupport_fastrtps_c.cpython-310-x86_64-linux-gnu.so[0m
[8.355s] [ 95%] Built target turtlesim__rosidl_typesupport_c__pyext
[8.355s] [ 95%] Built target turtlesim__rosidl_typesupport_introspection_c__pyext
[8.358s] [ 95%] Built target turtlesim__rosidl_typesupport_fastrtps_c__pyext
[11.268s] [ 96%] [32m[1mLinking CXX executable turtle_teleop_key[0m
[11.508s] [ 96%] Built target turtle_teleop_key
[13.518s] [ 97%] [32m[1mLinking CXX executable mimic[0m
[13.538s] [ 98%] [32m[1mLinking CXX executable draw_square[0m
[13.905s] [ 98%] Built target mimic
[13.959s] [ 98%] Built target draw_square
[16.631s] [100%] [32m[1mLinking CXX executable turtlesim_node[0m
[18.153s] [100%] Built target turtlesim_node
[18.164s] Invoked command in '/home/jakub/programming/nxp_car/build/turtlesim' returned '0': CMAKE_PREFIX_PATH=/opt/ros/humble /usr/bin/cmake --build /home/jakub/programming/nxp_car/build/turtlesim -- -j12 -l12
[18.170s] Invoking command in '/home/jakub/programming/nxp_car/build/turtlesim': CMAKE_PREFIX_PATH=/opt/ros/humble /usr/bin/cmake --install /home/jakub/programming/nxp_car/build/turtlesim
[18.176s] -- Install configuration: ""
[18.176s] -- Installing: /home/jakub/programming/nxp_car/install/turtlesim/share/ament_index/resource_index/rosidl_interfaces/turtlesim
[18.176s] -- Installing: /home/jakub/programming/nxp_car/install/turtlesim/include/turtlesim/turtlesim
[18.176s] -- Installing: /home/jakub/programming/nxp_car/install/turtlesim/include/turtlesim/turtlesim/action
[18.176s] -- Installing: /home/jakub/programming/nxp_car/install/turtlesim/include/turtlesim/turtlesim/action/rotate_absolute.h
[18.176s] -- Installing: /home/jakub/programming/nxp_car/install/turtlesim/include/turtlesim/turtlesim/action/detail
[18.177s] -- Installing: /home/jakub/programming/nxp_car/install/turtlesim/include/turtlesim/turtlesim/action/detail/rotate_absolute__functions.h
[18.177s] -- Installing: /home/jakub/programming/nxp_car/install/turtlesim/include/turtlesim/turtlesim/action/detail/rotate_absolute__struct.h
[18.177s] -- Installing: /home/jakub/programming/nxp_car/install/turtlesim/include/turtlesim/turtlesim/action/detail/rotate_absolute__type_support.h
[18.177s] -- Installing: /home/jakub/programming/nxp_car/install/turtlesim/include/turtlesim/turtlesim/action/detail/rotate_absolute__functions.c
[18.177s] -- Installing: /home/jakub/programming/nxp_car/install/turtlesim/include/turtlesim/turtlesim/msg
[18.177s] -- Installing: /home/jakub/programming/nxp_car/install/turtlesim/include/turtlesim/turtlesim/msg/rosidl_generator_c__visibility_control.h
[18.177s] -- Installing: /home/jakub/programming/nxp_car/install/turtlesim/include/turtlesim/turtlesim/msg/detail
[18.177s] -- Installing: /home/jakub/programming/nxp_car/install/turtlesim/include/turtlesim/turtlesim/msg/detail/pose__struct.h
[18.177s] -- Installing: /home/jakub/programming/nxp_car/install/turtlesim/include/turtlesim/turtlesim/msg/detail/pose__type_support.h
[18.177s] -- Installing: /home/jakub/programming/nxp_car/install/turtlesim/include/turtlesim/turtlesim/msg/detail/color__type_support.h
[18.177s] -- Installing: /home/jakub/programming/nxp_car/install/turtlesim/include/turtlesim/turtlesim/msg/detail/color__functions.h
[18.177s] -- Installing: /home/jakub/programming/nxp_car/install/turtlesim/include/turtlesim/turtlesim/msg/detail/color__functions.c
[18.177s] -- Installing: /home/jakub/programming/nxp_car/install/turtlesim/include/turtlesim/turtlesim/msg/detail/pose__functions.h
[18.177s] -- Installing: /home/jakub/programming/nxp_car/install/turtlesim/include/turtlesim/turtlesim/msg/detail/pose__functions.c
[18.177s] -- Installing: /home/jakub/programming/nxp_car/install/turtlesim/include/turtlesim/turtlesim/msg/detail/color__struct.h
[18.177s] -- Installing: /home/jakub/programming/nxp_car/install/turtlesim/include/turtlesim/turtlesim/msg/color.h
[18.178s] -- Installing: /home/jakub/programming/nxp_car/install/turtlesim/include/turtlesim/turtlesim/msg/pose.h
[18.178s] -- Installing: /home/jakub/programming/nxp_car/install/turtlesim/include/turtlesim/turtlesim/srv
[18.178s] -- Installing: /home/jakub/programming/nxp_car/install/turtlesim/include/turtlesim/turtlesim/srv/detail
[18.178s] -- Installing: /home/jakub/programming/nxp_car/install/turtlesim/include/turtlesim/turtlesim/srv/detail/kill__functions.h
[18.178s] -- Installing: /home/jakub/programming/nxp_car/install/turtlesim/include/turtlesim/turtlesim/srv/detail/kill__struct.h
[18.178s] -- Installing: /home/jakub/programming/nxp_car/install/turtlesim/include/turtlesim/turtlesim/srv/detail/set_pen__functions.c
[18.178s] -- Installing: /home/jakub/programming/nxp_car/install/turtlesim/include/turtlesim/turtlesim/srv/detail/teleport_relative__struct.h
[18.178s] -- Installing: /home/jakub/programming/nxp_car/install/turtlesim/include/turtlesim/turtlesim/srv/detail/kill__functions.c
[18.178s] -- Installing: /home/jakub/programming/nxp_car/install/turtlesim/include/turtlesim/turtlesim/srv/detail/spawn__functions.h
[18.178s] -- Installing: /home/jakub/programming/nxp_car/install/turtlesim/include/turtlesim/turtlesim/srv/detail/teleport_absolute__type_support.h
[18.178s] -- Installing: /home/jakub/programming/nxp_car/install/turtlesim/include/turtlesim/turtlesim/srv/detail/teleport_relative__functions.c
[18.178s] -- Installing: /home/jakub/programming/nxp_car/install/turtlesim/include/turtlesim/turtlesim/srv/detail/teleport_absolute__struct.h
[18.178s] -- Installing: /home/jakub/programming/nxp_car/install/turtlesim/include/turtlesim/turtlesim/srv/detail/set_pen__struct.h
[18.178s] -- Installing: /home/jakub/programming/nxp_car/install/turtlesim/include/turtlesim/turtlesim/srv/detail/teleport_absolute__functions.h
[18.178s] -- Installing: /home/jakub/programming/nxp_car/install/turtlesim/include/turtlesim/turtlesim/srv/detail/set_pen__functions.h
[18.179s] -- Installing: /home/jakub/programming/nxp_car/install/turtlesim/include/turtlesim/turtlesim/srv/detail/teleport_relative__type_support.h
[18.179s] -- Installing: /home/jakub/programming/nxp_car/install/turtlesim/include/turtlesim/turtlesim/srv/detail/spawn__functions.c
[18.179s] -- Installing: /home/jakub/programming/nxp_car/install/turtlesim/include/turtlesim/turtlesim/srv/detail/spawn__struct.h
[18.179s] -- Installing: /home/jakub/programming/nxp_car/install/turtlesim/include/turtlesim/turtlesim/srv/detail/teleport_relative__functions.h
[18.179s] -- Installing: /home/jakub/programming/nxp_car/install/turtlesim/include/turtlesim/turtlesim/srv/detail/set_pen__type_support.h
[18.179s] -- Installing: /home/jakub/programming/nxp_car/install/turtlesim/include/turtlesim/turtlesim/srv/detail/teleport_absolute__functions.c
[18.179s] -- Installing: /home/jakub/programming/nxp_car/install/turtlesim/include/turtlesim/turtlesim/srv/detail/kill__type_support.h
[18.179s] -- Installing: /home/jakub/programming/nxp_car/install/turtlesim/include/turtlesim/turtlesim/srv/detail/spawn__type_support.h
[18.179s] -- Installing: /home/jakub/programming/nxp_car/install/turtlesim/include/turtlesim/turtlesim/srv/teleport_relative.h
[18.179s] -- Installing: /home/jakub/programming/nxp_car/install/turtlesim/include/turtlesim/turtlesim/srv/set_pen.h
[18.179s] -- Installing: /home/jakub/programming/nxp_car/install/turtlesim/include/turtlesim/turtlesim/srv/kill.h
[18.179s] -- Installing: /home/jakub/programming/nxp_car/install/turtlesim/include/turtlesim/turtlesim/srv/spawn.h
[18.179s] -- Installing: /home/jakub/programming/nxp_car/install/turtlesim/include/turtlesim/turtlesim/srv/teleport_absolute.h
[18.179s] -- Installing: /home/jakub/programming/nxp_car/install/turtlesim/share/turtlesim/environment/library_path.sh
[18.180s] -- Installing: /home/jakub/programming/nxp_car/install/turtlesim/share/turtlesim/environment/library_path.dsv
[18.180s] -- Installing: /home/jakub/programming/nxp_car/install/turtlesim/lib/libturtlesim__rosidl_generator_c.so
[18.180s] -- Set runtime path of "/home/jakub/programming/nxp_car/install/turtlesim/lib/libturtlesim__rosidl_generator_c.so" to ""
[18.180s] -- Up-to-date: /home/jakub/programming/nxp_car/install/turtlesim/include/turtlesim/turtlesim
[18.180s] -- Up-to-date: /home/jakub/programming/nxp_car/install/turtlesim/include/turtlesim/turtlesim/action
[18.180s] -- Up-to-date: /home/jakub/programming/nxp_car/install/turtlesim/include/turtlesim/turtlesim/action/detail
[18.180s] -- Installing: /home/jakub/programming/nxp_car/install/turtlesim/include/turtlesim/turtlesim/action/detail/rotate_absolute__rosidl_typesupport_fastrtps_c.h
[18.180s] -- Up-to-date: /home/jakub/programming/nxp_car/install/turtlesim/include/turtlesim/turtlesim/msg
[18.180s] -- Up-to-date: /home/jakub/programming/nxp_car/install/turtlesim/include/turtlesim/turtlesim/msg/detail
[18.180s] -- Installing: /home/jakub/programming/nxp_car/install/turtlesim/include/turtlesim/turtlesim/msg/detail/color__rosidl_typesupport_fastrtps_c.h
[18.180s] -- Installing: /home/jakub/programming/nxp_car/install/turtlesim/include/turtlesim/turtlesim/msg/detail/pose__rosidl_typesupport_fastrtps_c.h
[18.180s] -- Installing: /home/jakub/programming/nxp_car/install/turtlesim/include/turtlesim/turtlesim/msg/rosidl_typesupport_fastrtps_c__visibility_control.h
[18.181s] -- Up-to-date: /home/jakub/programming/nxp_car/install/turtlesim/include/turtlesim/turtlesim/srv
[18.181s] -- Up-to-date: /home/jakub/programming/nxp_car/install/turtlesim/include/turtlesim/turtlesim/srv/detail
[18.181s] -- Installing: /home/jakub/programming/nxp_car/install/turtlesim/include/turtlesim/turtlesim/srv/detail/teleport_relative__rosidl_typesupport_fastrtps_c.h
[18.181s] -- Installing: /home/jakub/programming/nxp_car/install/turtlesim/include/turtlesim/turtlesim/srv/detail/kill__rosidl_typesupport_fastrtps_c.h
[18.181s] -- Installing: /home/jakub/programming/nxp_car/install/turtlesim/include/turtlesim/turtlesim/srv/detail/spawn__rosidl_typesupport_fastrtps_c.h
[18.181s] -- Installing: /home/jakub/programming/nxp_car/install/turtlesim/include/turtlesim/turtlesim/srv/detail/set_pen__rosidl_typesupport_fastrtps_c.h
[18.181s] -- Installing: /home/jakub/programming/nxp_car/install/turtlesim/include/turtlesim/turtlesim/srv/detail/teleport_absolute__rosidl_typesupport_fastrtps_c.h
[18.181s] -- Installing: /home/jakub/programming/nxp_car/install/turtlesim/lib/libturtlesim__rosidl_typesupport_fastrtps_c.so
[18.181s] -- Set runtime path of "/home/jakub/programming/nxp_car/install/turtlesim/lib/libturtlesim__rosidl_typesupport_fastrtps_c.so" to ""
[18.181s] -- Up-to-date: /home/jakub/programming/nxp_car/install/turtlesim/include/turtlesim/turtlesim
[18.181s] -- Up-to-date: /home/jakub/programming/nxp_car/install/turtlesim/include/turtlesim/turtlesim/action
[18.181s] -- Installing: /home/jakub/programming/nxp_car/install/turtlesim/include/turtlesim/turtlesim/action/rotate_absolute.hpp
[18.181s] -- Up-to-date: /home/jakub/programming/nxp_car/install/turtlesim/include/turtlesim/turtlesim/action/detail
[18.181s] -- Installing: /home/jakub/programming/nxp_car/install/turtlesim/include/turtlesim/turtlesim/action/detail/rotate_absolute__builder.hpp
[18.181s] -- Installing: /home/jakub/programming/nxp_car/install/turtlesim/include/turtlesim/turtlesim/action/detail/rotate_absolute__traits.hpp
[18.181s] -- Installing: /home/jakub/programming/nxp_car/install/turtlesim/include/turtlesim/turtlesim/action/detail/rotate_absolute__type_support.hpp
[18.181s] -- Installing: /home/jakub/programming/nxp_car/install/turtlesim/include/turtlesim/turtlesim/action/detail/rotate_absolute__struct.hpp
[18.182s] -- Up-to-date: /home/jakub/programming/nxp_car/install/turtlesim/include/turtlesim/turtlesim/msg
[18.182s] -- Installing: /home/jakub/programming/nxp_car/install/turtlesim/include/turtlesim/turtlesim/msg/pose.hpp
[18.182s] -- Up-to-date: /home/jakub/programming/nxp_car/install/turtlesim/include/turtlesim/turtlesim/msg/detail
[18.182s] -- Installing: /home/jakub/programming/nxp_car/install/turtlesim/include/turtlesim/turtlesim/msg/detail/pose__struct.hpp
[18.182s] -- Installing: /home/jakub/programming/nxp_car/install/turtlesim/include/turtlesim/turtlesim/msg/detail/color__type_support.hpp
[18.182s] -- Installing: /home/jakub/programming/nxp_car/install/turtlesim/include/turtlesim/turtlesim/msg/detail/pose__type_support.hpp
[18.182s] -- Installing: /home/jakub/programming/nxp_car/install/turtlesim/include/turtlesim/turtlesim/msg/detail/color__traits.hpp
[18.182s] -- Installing: /home/jakub/programming/nxp_car/install/turtlesim/include/turtlesim/turtlesim/msg/detail/color__struct.hpp
[18.182s] -- Installing: /home/jakub/programming/nxp_car/install/turtlesim/include/turtlesim/turtlesim/msg/detail/color__builder.hpp
[18.182s] -- Installing: /home/jakub/programming/nxp_car/install/turtlesim/include/turtlesim/turtlesim/msg/detail/pose__traits.hpp
[18.182s] -- Installing: /home/jakub/programming/nxp_car/install/turtlesim/include/turtlesim/turtlesim/msg/detail/pose__builder.hpp
[18.182s] -- Installing: /home/jakub/programming/nxp_car/install/turtlesim/include/turtlesim/turtlesim/msg/rosidl_generator_cpp__visibility_control.hpp
[18.182s] -- Installing: /home/jakub/programming/nxp_car/install/turtlesim/include/turtlesim/turtlesim/msg/color.hpp
[18.182s] -- Up-to-date: /home/jakub/programming/nxp_car/install/turtlesim/include/turtlesim/turtlesim/srv
[18.182s] -- Installing: /home/jakub/programming/nxp_car/install/turtlesim/include/turtlesim/turtlesim/srv/kill.hpp
[18.182s] -- Installing: /home/jakub/programming/nxp_car/install/turtlesim/include/turtlesim/turtlesim/srv/teleport_relative.hpp
[18.182s] -- Installing: /home/jakub/programming/nxp_car/install/turtlesim/include/turtlesim/turtlesim/srv/spawn.hpp
[18.183s] -- Up-to-date: /home/jakub/programming/nxp_car/install/turtlesim/include/turtlesim/turtlesim/srv/detail
[18.183s] -- Installing: /home/jakub/programming/nxp_car/install/turtlesim/include/turtlesim/turtlesim/srv/detail/kill__traits.hpp
[18.183s] -- Installing: /home/jakub/programming/nxp_car/install/turtlesim/include/turtlesim/turtlesim/srv/detail/kill__type_support.hpp
[18.183s] -- Installing: /home/jakub/programming/nxp_car/install/turtlesim/include/turtlesim/turtlesim/srv/detail/set_pen__builder.hpp
[18.183s] -- Installing: /home/jakub/programming/nxp_car/install/turtlesim/include/turtlesim/turtlesim/srv/detail/spawn__builder.hpp
[18.183s] -- Installing: /home/jakub/programming/nxp_car/install/turtlesim/include/turtlesim/turtlesim/srv/detail/teleport_absolute__type_support.hpp
[18.183s] -- Installing: /home/jakub/programming/nxp_car/install/turtlesim/include/turtlesim/turtlesim/srv/detail/teleport_relative__struct.hpp
[18.183s] -- Installing: /home/jakub/programming/nxp_car/install/turtlesim/include/turtlesim/turtlesim/srv/detail/teleport_relative__builder.hpp
[18.183s] -- Installing: /home/jakub/programming/nxp_car/install/turtlesim/include/turtlesim/turtlesim/srv/detail/spawn__struct.hpp
[18.183s] -- Installing: /home/jakub/programming/nxp_car/install/turtlesim/include/turtlesim/turtlesim/srv/detail/teleport_absolute__struct.hpp
[18.183s] -- Installing: /home/jakub/programming/nxp_car/install/turtlesim/include/turtlesim/turtlesim/srv/detail/teleport_relative__traits.hpp
[18.183s] -- Installing: /home/jakub/programming/nxp_car/install/turtlesim/include/turtlesim/turtlesim/srv/detail/kill__struct.hpp
[18.183s] -- Installing: /home/jakub/programming/nxp_car/install/turtlesim/include/turtlesim/turtlesim/srv/detail/set_pen__traits.hpp
[18.183s] -- Installing: /home/jakub/programming/nxp_car/install/turtlesim/include/turtlesim/turtlesim/srv/detail/spawn__type_support.hpp
[18.183s] -- Installing: /home/jakub/programming/nxp_car/install/turtlesim/include/turtlesim/turtlesim/srv/detail/spawn__traits.hpp
[18.183s] -- Installing: /home/jakub/programming/nxp_car/install/turtlesim/include/turtlesim/turtlesim/srv/detail/set_pen__type_support.hpp
[18.184s] -- Installing: /home/jakub/programming/nxp_car/install/turtlesim/include/turtlesim/turtlesim/srv/detail/kill__builder.hpp
[18.184s] -- Installing: /home/jakub/programming/nxp_car/install/turtlesim/include/turtlesim/turtlesim/srv/detail/teleport_absolute__traits.hpp
[18.184s] -- Installing: /home/jakub/programming/nxp_car/install/turtlesim/include/turtlesim/turtlesim/srv/detail/teleport_relative__type_support.hpp
[18.184s] -- Installing: /home/jakub/programming/nxp_car/install/turtlesim/include/turtlesim/turtlesim/srv/detail/set_pen__struct.hpp
[18.184s] -- Installing: /home/jakub/programming/nxp_car/install/turtlesim/include/turtlesim/turtlesim/srv/detail/teleport_absolute__builder.hpp
[18.184s] -- Installing: /home/jakub/programming/nxp_car/install/turtlesim/include/turtlesim/turtlesim/srv/set_pen.hpp
[18.184s] -- Installing: /home/jakub/programming/nxp_car/install/turtlesim/include/turtlesim/turtlesim/srv/teleport_absolute.hpp
[18.184s] -- Up-to-date: /home/jakub/programming/nxp_car/install/turtlesim/include/turtlesim/turtlesim
[18.184s] -- Up-to-date: /home/jakub/programming/nxp_car/install/turtlesim/include/turtlesim/turtlesim/action
[18.184s] -- Up-to-date: /home/jakub/programming/nxp_car/install/turtlesim/include/turtlesim/turtlesim/action/detail
[18.184s] -- Installing: /home/jakub/programming/nxp_car/install/turtlesim/include/turtlesim/turtlesim/action/detail/dds_fastrtps
[18.184s] -- Installing: /home/jakub/programming/nxp_car/install/turtlesim/include/turtlesim/turtlesim/action/detail/rotate_absolute__rosidl_typesupport_fastrtps_cpp.hpp
[18.184s] -- Up-to-date: /home/jakub/programming/nxp_car/install/turtlesim/include/turtlesim/turtlesim/msg
[18.184s] -- Up-to-date: /home/jakub/programming/nxp_car/install/turtlesim/include/turtlesim/turtlesim/msg/detail
[18.184s] -- Installing: /home/jakub/programming/nxp_car/install/turtlesim/include/turtlesim/turtlesim/msg/detail/dds_fastrtps
[18.184s] -- Installing: /home/jakub/programming/nxp_car/install/turtlesim/include/turtlesim/turtlesim/msg/detail/pose__rosidl_typesupport_fastrtps_cpp.hpp
[18.185s] -- Installing: /home/jakub/programming/nxp_car/install/turtlesim/include/turtlesim/turtlesim/msg/detail/color__rosidl_typesupport_fastrtps_cpp.hpp
[18.185s] -- Installing: /home/jakub/programming/nxp_car/install/turtlesim/include/turtlesim/turtlesim/msg/rosidl_typesupport_fastrtps_cpp__visibility_control.h
[18.185s] -- Up-to-date: /home/jakub/programming/nxp_car/install/turtlesim/include/turtlesim/turtlesim/srv
[18.185s] -- Up-to-date: /home/jakub/programming/nxp_car/install/turtlesim/include/turtlesim/turtlesim/srv/detail
[18.185s] -- Installing: /home/jakub/programming/nxp_car/install/turtlesim/include/turtlesim/turtlesim/srv/detail/dds_fastrtps
[18.185s] -- Installing: /home/jakub/programming/nxp_car/install/turtlesim/include/turtlesim/turtlesim/srv/detail/set_pen__rosidl_typesupport_fastrtps_cpp.hpp
[18.185s] -- Installing: /home/jakub/programming/nxp_car/install/turtlesim/include/turtlesim/turtlesim/srv/detail/teleport_relative__rosidl_typesupport_fastrtps_cpp.hpp
[18.185s] -- Installing: /home/jakub/programming/nxp_car/install/turtlesim/include/turtlesim/turtlesim/srv/detail/kill__rosidl_typesupport_fastrtps_cpp.hpp
[18.185s] -- Installing: /home/jakub/programming/nxp_car/install/turtlesim/include/turtlesim/turtlesim/srv/detail/teleport_absolute__rosidl_typesupport_fastrtps_cpp.hpp
[18.185s] -- Installing: /home/jakub/programming/nxp_car/install/turtlesim/include/turtlesim/turtlesim/srv/detail/spawn__rosidl_typesupport_fastrtps_cpp.hpp
[18.185s] -- Installing: /home/jakub/programming/nxp_car/install/turtlesim/lib/libturtlesim__rosidl_typesupport_fastrtps_cpp.so
[18.185s] -- Set runtime path of "/home/jakub/programming/nxp_car/install/turtlesim/lib/libturtlesim__rosidl_typesupport_fastrtps_cpp.so" to ""
[18.186s] -- Up-to-date: /home/jakub/programming/nxp_car/install/turtlesim/include/turtlesim/turtlesim
[18.186s] -- Up-to-date: /home/jakub/programming/nxp_car/install/turtlesim/include/turtlesim/turtlesim/action
[18.186s] -- Up-to-date: /home/jakub/programming/nxp_car/install/turtlesim/include/turtlesim/turtlesim/action/detail
[18.186s] -- Installing: /home/jakub/programming/nxp_car/install/turtlesim/include/turtlesim/turtlesim/action/detail/rotate_absolute__rosidl_typesupport_introspection_c.h
[18.186s] -- Installing: /home/jakub/programming/nxp_car/install/turtlesim/include/turtlesim/turtlesim/action/detail/rotate_absolute__type_support.c
[18.186s] -- Up-to-date: /home/jakub/programming/nxp_car/install/turtlesim/include/turtlesim/turtlesim/msg
[18.186s] -- Up-to-date: /home/jakub/programming/nxp_car/install/turtlesim/include/turtlesim/turtlesim/msg/detail
[18.186s] -- Installing: /home/jakub/programming/nxp_car/install/turtlesim/include/turtlesim/turtlesim/msg/detail/color__type_support.c
[18.186s] -- Installing: /home/jakub/programming/nxp_car/install/turtlesim/include/turtlesim/turtlesim/msg/detail/pose__type_support.c
[18.186s] -- Installing: /home/jakub/programming/nxp_car/install/turtlesim/include/turtlesim/turtlesim/msg/detail/color__rosidl_typesupport_introspection_c.h
[18.186s] -- Installing: /home/jakub/programming/nxp_car/install/turtlesim/include/turtlesim/turtlesim/msg/detail/pose__rosidl_typesupport_introspection_c.h
[18.186s] -- Installing: /home/jakub/programming/nxp_car/install/turtlesim/include/turtlesim/turtlesim/msg/rosidl_typesupport_introspection_c__visibility_control.h
[18.186s] -- Up-to-date: /home/jakub/programming/nxp_car/install/turtlesim/include/turtlesim/turtlesim/srv
[18.186s] -- Up-to-date: /home/jakub/programming/nxp_car/install/turtlesim/include/turtlesim/turtlesim/srv/detail
[18.186s] -- Installing: /home/jakub/programming/nxp_car/install/turtlesim/include/turtlesim/turtlesim/srv/detail/teleport_absolute__type_support.c
[18.186s] -- Installing: /home/jakub/programming/nxp_car/install/turtlesim/include/turtlesim/turtlesim/srv/detail/kill__rosidl_typesupport_introspection_c.h
[18.186s] -- Installing: /home/jakub/programming/nxp_car/install/turtlesim/include/turtlesim/turtlesim/srv/detail/spawn__rosidl_typesupport_introspection_c.h
[18.186s] -- Installing: /home/jakub/programming/nxp_car/install/turtlesim/include/turtlesim/turtlesim/srv/detail/kill__type_support.c
[18.187s] -- Installing: /home/jakub/programming/nxp_car/install/turtlesim/include/turtlesim/turtlesim/srv/detail/set_pen__type_support.c
[18.187s] -- Installing: /home/jakub/programming/nxp_car/install/turtlesim/include/turtlesim/turtlesim/srv/detail/teleport_absolute__rosidl_typesupport_introspection_c.h
[18.187s] -- Installing: /home/jakub/programming/nxp_car/install/turtlesim/include/turtlesim/turtlesim/srv/detail/teleport_relative__type_support.c
[18.187s] -- Installing: /home/jakub/programming/nxp_car/install/turtlesim/include/turtlesim/turtlesim/srv/detail/set_pen__rosidl_typesupport_introspection_c.h
[18.187s] -- Installing: /home/jakub/programming/nxp_car/install/turtlesim/include/turtlesim/turtlesim/srv/detail/teleport_relative__rosidl_typesupport_introspection_c.h
[18.187s] -- Installing: /home/jakub/programming/nxp_car/install/turtlesim/include/turtlesim/turtlesim/srv/detail/spawn__type_support.c
[18.187s] -- Installing: /home/jakub/programming/nxp_car/install/turtlesim/lib/libturtlesim__rosidl_typesupport_introspection_c.so
[18.187s] -- Set runtime path of "/home/jakub/programming/nxp_car/install/turtlesim/lib/libturtlesim__rosidl_typesupport_introspection_c.so" to ""
[18.187s] -- Installing: /home/jakub/programming/nxp_car/install/turtlesim/lib/libturtlesim__rosidl_typesupport_c.so
[18.187s] -- Set runtime path of "/home/jakub/programming/nxp_car/install/turtlesim/lib/libturtlesim__rosidl_typesupport_c.so" to ""
[18.187s] -- Up-to-date: /home/jakub/programming/nxp_car/install/turtlesim/include/turtlesim/turtlesim
[18.187s] -- Up-to-date: /home/jakub/programming/nxp_car/install/turtlesim/include/turtlesim/turtlesim/action
[18.188s] -- Up-to-date: /home/jakub/programming/nxp_car/install/turtlesim/include/turtlesim/turtlesim/action/detail
[18.188s] -- Installing: /home/jakub/programming/nxp_car/install/turtlesim/include/turtlesim/turtlesim/action/detail/rotate_absolute__type_support.cpp
[18.188s] -- Installing: /home/jakub/programming/nxp_car/install/turtlesim/include/turtlesim/turtlesim/action/detail/rotate_absolute__rosidl_typesupport_introspection_cpp.hpp
[18.188s] -- Up-to-date: /home/jakub/programming/nxp_car/install/turtlesim/include/turtlesim/turtlesim/msg
[18.188s] -- Up-to-date: /home/jakub/programming/nxp_car/install/turtlesim/include/turtlesim/turtlesim/msg/detail
[18.188s] -- Installing: /home/jakub/programming/nxp_car/install/turtlesim/include/turtlesim/turtlesim/msg/detail/pose__rosidl_typesupport_introspection_cpp.hpp
[18.188s] -- Installing: /home/jakub/programming/nxp_car/install/turtlesim/include/turtlesim/turtlesim/msg/detail/pose__type_support.cpp
[18.188s] -- Installing: /home/jakub/programming/nxp_car/install/turtlesim/include/turtlesim/turtlesim/msg/detail/color__rosidl_typesupport_introspection_cpp.hpp
[18.188s] -- Installing: /home/jakub/programming/nxp_car/install/turtlesim/include/turtlesim/turtlesim/msg/detail/color__type_support.cpp
[18.188s] -- Up-to-date: /home/jakub/programming/nxp_car/install/turtlesim/include/turtlesim/turtlesim/srv
[18.188s] -- Up-to-date: /home/jakub/programming/nxp_car/install/turtlesim/include/turtlesim/turtlesim/srv/detail
[18.188s] -- Installing: /home/jakub/programming/nxp_car/install/turtlesim/include/turtlesim/turtlesim/srv/detail/teleport_absolute__rosidl_typesupport_introspection_cpp.hpp
[18.188s] -- Installing: /home/jakub/programming/nxp_car/install/turtlesim/include/turtlesim/turtlesim/srv/detail/spawn__rosidl_typesupport_introspection_cpp.hpp
[18.188s] -- Installing: /home/jakub/programming/nxp_car/install/turtlesim/include/turtlesim/turtlesim/srv/detail/kill__rosidl_typesupport_introspection_cpp.hpp
[18.188s] -- Installing: /home/jakub/programming/nxp_car/install/turtlesim/include/turtlesim/turtlesim/srv/detail/kill__type_support.cpp
[18.188s] -- Installing: /home/jakub/programming/nxp_car/install/turtlesim/include/turtlesim/turtlesim/srv/detail/teleport_relative__type_support.cpp
[18.189s] -- Installing: /home/jakub/programming/nxp_car/install/turtlesim/include/turtlesim/turtlesim/srv/detail/spawn__type_support.cpp
[18.189s] -- Installing: /home/jakub/programming/nxp_car/install/turtlesim/include/turtlesim/turtlesim/srv/detail/teleport_relative__rosidl_typesupport_introspection_cpp.hpp
[18.189s] -- Installing: /home/jakub/programming/nxp_car/install/turtlesim/include/turtlesim/turtlesim/srv/detail/set_pen__type_support.cpp
[18.189s] -- Installing: /home/jakub/programming/nxp_car/install/turtlesim/include/turtlesim/turtlesim/srv/detail/set_pen__rosidl_typesupport_introspection_cpp.hpp
[18.189s] -- Installing: /home/jakub/programming/nxp_car/install/turtlesim/include/turtlesim/turtlesim/srv/detail/teleport_absolute__type_support.cpp
[18.189s] -- Installing: /home/jakub/programming/nxp_car/install/turtlesim/lib/libturtlesim__rosidl_typesupport_introspection_cpp.so
[18.189s] -- Set runtime path of "/home/jakub/programming/nxp_car/install/turtlesim/lib/libturtlesim__rosidl_typesupport_introspection_cpp.so" to ""
[18.189s] -- Installing: /home/jakub/programming/nxp_car/install/turtlesim/lib/libturtlesim__rosidl_typesupport_cpp.so
[18.189s] -- Set runtime path of "/home/jakub/programming/nxp_car/install/turtlesim/lib/libturtlesim__rosidl_typesupport_cpp.so" to ""
[18.189s] -- Installing: /home/jakub/programming/nxp_car/install/turtlesim/share/turtlesim/environment/pythonpath.sh
[18.190s] -- Installing: /home/jakub/programming/nxp_car/install/turtlesim/share/turtlesim/environment/pythonpath.dsv
[18.190s] -- Installing: /home/jakub/programming/nxp_car/install/turtlesim/local/lib/python3.10/dist-packages/turtlesim-1.4.2-py3.10.egg-info
[18.190s] -- Installing: /home/jakub/programming/nxp_car/install/turtlesim/local/lib/python3.10/dist-packages/turtlesim-1.4.2-py3.10.egg-info/SOURCES.txt
[18.190s] -- Installing: /home/jakub/programming/nxp_car/install/turtlesim/local/lib/python3.10/dist-packages/turtlesim-1.4.2-py3.10.egg-info/top_level.txt
[18.190s] -- Installing: /home/jakub/programming/nxp_car/install/turtlesim/local/lib/python3.10/dist-packages/turtlesim-1.4.2-py3.10.egg-info/dependency_links.txt
[18.190s] -- Installing: /home/jakub/programming/nxp_car/install/turtlesim/local/lib/python3.10/dist-packages/turtlesim-1.4.2-py3.10.egg-info/PKG-INFO
[18.190s] -- Installing: /home/jakub/programming/nxp_car/install/turtlesim/local/lib/python3.10/dist-packages/turtlesim
[18.190s] -- Installing: /home/jakub/programming/nxp_car/install/turtlesim/local/lib/python3.10/dist-packages/turtlesim/action
[18.190s] -- Installing: /home/jakub/programming/nxp_car/install/turtlesim/local/lib/python3.10/dist-packages/turtlesim/action/__init__.py
[18.190s] -- Installing: /home/jakub/programming/nxp_car/install/turtlesim/local/lib/python3.10/dist-packages/turtlesim/action/_rotate_absolute_s.c
[18.190s] -- Installing: /home/jakub/programming/nxp_car/install/turtlesim/local/lib/python3.10/dist-packages/turtlesim/action/_rotate_absolute.py
[18.190s] -- Installing: /home/jakub/programming/nxp_car/install/turtlesim/local/lib/python3.10/dist-packages/turtlesim/_turtlesim_s.ep.rosidl_typesupport_fastrtps_c.c
[18.190s] -- Installing: /home/jakub/programming/nxp_car/install/turtlesim/local/lib/python3.10/dist-packages/turtlesim/__init__.py
[18.190s] -- Installing: /home/jakub/programming/nxp_car/install/turtlesim/local/lib/python3.10/dist-packages/turtlesim/_turtlesim_s.ep.rosidl_typesupport_c.c
[18.191s] -- Installing: /home/jakub/programming/nxp_car/install/turtlesim/local/lib/python3.10/dist-packages/turtlesim/libturtlesim__rosidl_generator_py.so
[18.191s] -- Installing: /home/jakub/programming/nxp_car/install/turtlesim/local/lib/python3.10/dist-packages/turtlesim/turtlesim_s__rosidl_typesupport_c.cpython-310-x86_64-linux-gnu.so
[18.191s] -- Installing: /home/jakub/programming/nxp_car/install/turtlesim/local/lib/python3.10/dist-packages/turtlesim/_turtlesim_s.ep.rosidl_typesupport_introspection_c.c
[18.191s] -- Installing: /home/jakub/programming/nxp_car/install/turtlesim/local/lib/python3.10/dist-packages/turtlesim/turtlesim_s__rosidl_typesupport_fastrtps_c.cpython-310-x86_64-linux-gnu.so
[18.191s] -- Installing: /home/jakub/programming/nxp_car/install/turtlesim/local/lib/python3.10/dist-packages/turtlesim/turtlesim_s__rosidl_typesupport_introspection_c.cpython-310-x86_64-linux-gnu.so
[18.191s] -- Installing: /home/jakub/programming/nxp_car/install/turtlesim/local/lib/python3.10/dist-packages/turtlesim/msg
[18.191s] -- Installing: /home/jakub/programming/nxp_car/install/turtlesim/local/lib/python3.10/dist-packages/turtlesim/msg/__init__.py
[18.191s] -- Installing: /home/jakub/programming/nxp_car/install/turtlesim/local/lib/python3.10/dist-packages/turtlesim/msg/_pose.py
[18.191s] -- Installing: /home/jakub/programming/nxp_car/install/turtlesim/local/lib/python3.10/dist-packages/turtlesim/msg/_color.py
[18.191s] -- Installing: /home/jakub/programming/nxp_car/install/turtlesim/local/lib/python3.10/dist-packages/turtlesim/msg/_pose_s.c
[18.191s] -- Installing: /home/jakub/programming/nxp_car/install/turtlesim/local/lib/python3.10/dist-packages/turtlesim/msg/_color_s.c
[18.191s] -- Installing: /home/jakub/programming/nxp_car/install/turtlesim/local/lib/python3.10/dist-packages/turtlesim/srv
[18.191s] -- Installing: /home/jakub/programming/nxp_car/install/turtlesim/local/lib/python3.10/dist-packages/turtlesim/srv/_teleport_absolute.py
[18.192s] -- Installing: /home/jakub/programming/nxp_car/install/turtlesim/local/lib/python3.10/dist-packages/turtlesim/srv/_teleport_absolute_s.c
[18.192s] -- Installing: /home/jakub/programming/nxp_car/install/turtlesim/local/lib/python3.10/dist-packages/turtlesim/srv/__init__.py
[18.192s] -- Installing: /home/jakub/programming/nxp_car/install/turtlesim/local/lib/python3.10/dist-packages/turtlesim/srv/_teleport_relative.py
[18.192s] -- Installing: /home/jakub/programming/nxp_car/install/turtlesim/local/lib/python3.10/dist-packages/turtlesim/srv/_set_pen.py
[18.192s] -- Installing: /home/jakub/programming/nxp_car/install/turtlesim/local/lib/python3.10/dist-packages/turtlesim/srv/_kill_s.c
[18.192s] -- Installing: /home/jakub/programming/nxp_car/install/turtlesim/local/lib/python3.10/dist-packages/turtlesim/srv/_teleport_relative_s.c
[18.192s] -- Installing: /home/jakub/programming/nxp_car/install/turtlesim/local/lib/python3.10/dist-packages/turtlesim/srv/_set_pen_s.c
[18.192s] -- Installing: /home/jakub/programming/nxp_car/install/turtlesim/local/lib/python3.10/dist-packages/turtlesim/srv/_spawn_s.c
[18.192s] -- Installing: /home/jakub/programming/nxp_car/install/turtlesim/local/lib/python3.10/dist-packages/turtlesim/srv/_spawn.py
[18.192s] -- Installing: /home/jakub/programming/nxp_car/install/turtlesim/local/lib/python3.10/dist-packages/turtlesim/srv/_kill.py
[18.229s] Listing '/home/jakub/programming/nxp_car/install/turtlesim/local/lib/python3.10/dist-packages/turtlesim'...
[18.230s] Compiling '/home/jakub/programming/nxp_car/install/turtlesim/local/lib/python3.10/dist-packages/turtlesim/__init__.py'...
[18.230s] Listing '/home/jakub/programming/nxp_car/install/turtlesim/local/lib/python3.10/dist-packages/turtlesim/action'...
[18.230s] Compiling '/home/jakub/programming/nxp_car/install/turtlesim/local/lib/python3.10/dist-packages/turtlesim/action/__init__.py'...
[18.230s] Compiling '/home/jakub/programming/nxp_car/install/turtlesim/local/lib/python3.10/dist-packages/turtlesim/action/_rotate_absolute.py'...
[18.230s] Listing '/home/jakub/programming/nxp_car/install/turtlesim/local/lib/python3.10/dist-packages/turtlesim/msg'...
[18.230s] Compiling '/home/jakub/programming/nxp_car/install/turtlesim/local/lib/python3.10/dist-packages/turtlesim/msg/__init__.py'...
[18.230s] Compiling '/home/jakub/programming/nxp_car/install/turtlesim/local/lib/python3.10/dist-packages/turtlesim/msg/_color.py'...
[18.230s] Compiling '/home/jakub/programming/nxp_car/install/turtlesim/local/lib/python3.10/dist-packages/turtlesim/msg/_pose.py'...
[18.230s] Listing '/home/jakub/programming/nxp_car/install/turtlesim/local/lib/python3.10/dist-packages/turtlesim/srv'...
[18.230s] Compiling '/home/jakub/programming/nxp_car/install/turtlesim/local/lib/python3.10/dist-packages/turtlesim/srv/__init__.py'...
[18.230s] Compiling '/home/jakub/programming/nxp_car/install/turtlesim/local/lib/python3.10/dist-packages/turtlesim/srv/_kill.py'...
[18.230s] Compiling '/home/jakub/programming/nxp_car/install/turtlesim/local/lib/python3.10/dist-packages/turtlesim/srv/_set_pen.py'...
[18.230s] Compiling '/home/jakub/programming/nxp_car/install/turtlesim/local/lib/python3.10/dist-packages/turtlesim/srv/_spawn.py'...
[18.230s] Compiling '/home/jakub/programming/nxp_car/install/turtlesim/local/lib/python3.10/dist-packages/turtlesim/srv/_teleport_absolute.py'...
[18.230s] Compiling '/home/jakub/programming/nxp_car/install/turtlesim/local/lib/python3.10/dist-packages/turtlesim/srv/_teleport_relative.py'...
[18.233s] -- Installing: /home/jakub/programming/nxp_car/install/turtlesim/local/lib/python3.10/dist-packages/turtlesim/turtlesim_s__rosidl_typesupport_fastrtps_c.cpython-310-x86_64-linux-gnu.so
[18.233s] -- Set runtime path of "/home/jakub/programming/nxp_car/install/turtlesim/local/lib/python3.10/dist-packages/turtlesim/turtlesim_s__rosidl_typesupport_fastrtps_c.cpython-310-x86_64-linux-gnu.so" to ""
[18.233s] -- Installing: /home/jakub/programming/nxp_car/install/turtlesim/local/lib/python3.10/dist-packages/turtlesim/turtlesim_s__rosidl_typesupport_introspection_c.cpython-310-x86_64-linux-gnu.so
[18.234s] -- Set runtime path of "/home/jakub/programming/nxp_car/install/turtlesim/local/lib/python3.10/dist-packages/turtlesim/turtlesim_s__rosidl_typesupport_introspection_c.cpython-310-x86_64-linux-gnu.so" to ""
[18.234s] -- Installing: /home/jakub/programming/nxp_car/install/turtlesim/local/lib/python3.10/dist-packages/turtlesim/turtlesim_s__rosidl_typesupport_c.cpython-310-x86_64-linux-gnu.so
[18.234s] -- Set runtime path of "/home/jakub/programming/nxp_car/install/turtlesim/local/lib/python3.10/dist-packages/turtlesim/turtlesim_s__rosidl_typesupport_c.cpython-310-x86_64-linux-gnu.so" to ""
[18.234s] -- Installing: /home/jakub/programming/nxp_car/install/turtlesim/lib/libturtlesim__rosidl_generator_py.so
[18.234s] -- Set runtime path of "/home/jakub/programming/nxp_car/install/turtlesim/lib/libturtlesim__rosidl_generator_py.so" to ""
[18.234s] -- Installing: /home/jakub/programming/nxp_car/install/turtlesim/share/turtlesim/action/RotateAbsolute.idl
[18.235s] -- Installing: /home/jakub/programming/nxp_car/install/turtlesim/share/turtlesim/msg/Color.idl
[18.235s] -- Installing: /home/jakub/programming/nxp_car/install/turtlesim/share/turtlesim/msg/Pose.idl
[18.235s] -- Installing: /home/jakub/programming/nxp_car/install/turtlesim/share/turtlesim/srv/Kill.idl
[18.235s] -- Installing: /home/jakub/programming/nxp_car/install/turtlesim/share/turtlesim/srv/SetPen.idl
[18.235s] -- Installing: /home/jakub/programming/nxp_car/install/turtlesim/share/turtlesim/srv/Spawn.idl
[18.235s] -- Installing: /home/jakub/programming/nxp_car/install/turtlesim/share/turtlesim/srv/TeleportAbsolute.idl
[18.235s] -- Installing: /home/jakub/programming/nxp_car/install/turtlesim/share/turtlesim/srv/TeleportRelative.idl
[18.235s] -- Installing: /home/jakub/programming/nxp_car/install/turtlesim/share/turtlesim/action/RotateAbsolute.action
[18.235s] -- Installing: /home/jakub/programming/nxp_car/install/turtlesim/share/turtlesim/msg/Color.msg
[18.235s] -- Installing: /home/jakub/programming/nxp_car/install/turtlesim/share/turtlesim/msg/Pose.msg
[18.235s] -- Installing: /home/jakub/programming/nxp_car/install/turtlesim/share/turtlesim/srv/Kill.srv
[18.235s] -- Installing: /home/jakub/programming/nxp_car/install/turtlesim/share/turtlesim/srv/Kill_Request.msg
[18.235s] -- Installing: /home/jakub/programming/nxp_car/install/turtlesim/share/turtlesim/srv/Kill_Response.msg
[18.235s] -- Installing: /home/jakub/programming/nxp_car/install/turtlesim/share/turtlesim/srv/SetPen.srv
[18.236s] -- Installing: /home/jakub/programming/nxp_car/install/turtlesim/share/turtlesim/srv/SetPen_Request.msg
[18.236s] -- Installing: /home/jakub/programming/nxp_car/install/turtlesim/share/turtlesim/srv/SetPen_Response.msg
[18.236s] -- Installing: /home/jakub/programming/nxp_car/install/turtlesim/share/turtlesim/srv/Spawn.srv
[18.236s] -- Installing: /home/jakub/programming/nxp_car/install/turtlesim/share/turtlesim/srv/Spawn_Request.msg
[18.236s] -- Installing: /home/jakub/programming/nxp_car/install/turtlesim/share/turtlesim/srv/Spawn_Response.msg
[18.236s] -- Installing: /home/jakub/programming/nxp_car/install/turtlesim/share/turtlesim/srv/TeleportAbsolute.srv
[18.236s] -- Installing: /home/jakub/programming/nxp_car/install/turtlesim/share/turtlesim/srv/TeleportAbsolute_Request.msg
[18.236s] -- Installing: /home/jakub/programming/nxp_car/install/turtlesim/share/turtlesim/srv/TeleportAbsolute_Response.msg
[18.236s] -- Installing: /home/jakub/programming/nxp_car/install/turtlesim/share/turtlesim/srv/TeleportRelative.srv
[18.236s] -- Installing: /home/jakub/programming/nxp_car/install/turtlesim/share/turtlesim/srv/TeleportRelative_Request.msg
[18.236s] -- Installing: /home/jakub/programming/nxp_car/install/turtlesim/share/turtlesim/srv/TeleportRelative_Response.msg
[18.237s] -- Installing: /home/jakub/programming/nxp_car/install/turtlesim/lib/turtlesim/turtlesim_node
[18.241s] -- Set runtime path of "/home/jakub/programming/nxp_car/install/turtlesim/lib/turtlesim/turtlesim_node" to ""
[18.241s] -- Installing: /home/jakub/programming/nxp_car/install/turtlesim/lib/turtlesim/turtle_teleop_key
[18.241s] -- Set runtime path of "/home/jakub/programming/nxp_car/install/turtlesim/lib/turtlesim/turtle_teleop_key" to ""
[18.242s] -- Installing: /home/jakub/programming/nxp_car/install/turtlesim/lib/turtlesim/draw_square
[18.243s] -- Set runtime path of "/home/jakub/programming/nxp_car/install/turtlesim/lib/turtlesim/draw_square" to ""
[18.243s] -- Installing: /home/jakub/programming/nxp_car/install/turtlesim/lib/turtlesim/mimic
[18.245s] -- Set runtime path of "/home/jakub/programming/nxp_car/install/turtlesim/lib/turtlesim/mimic" to ""
[18.245s] -- Installing: /home/jakub/programming/nxp_car/install/turtlesim/share/turtlesim/images
[18.245s] -- Installing: /home/jakub/programming/nxp_car/install/turtlesim/share/turtlesim/images/crystal.png
[18.246s] -- Installing: /home/jakub/programming/nxp_car/install/turtlesim/share/turtlesim/images/rolling.png
[18.246s] -- Installing: /home/jakub/programming/nxp_car/install/turtlesim/share/turtlesim/images/humble.png
[18.246s] -- Installing: /home/jakub/programming/nxp_car/install/turtlesim/share/turtlesim/images/dashing.png
[18.246s] -- Installing: /home/jakub/programming/nxp_car/install/turtlesim/share/turtlesim/images/bouncy.png
[18.246s] -- Installing: /home/jakub/programming/nxp_car/install/turtlesim/share/turtlesim/images/foxy.png
[18.246s] -- Installing: /home/jakub/programming/nxp_car/install/turtlesim/share/turtlesim/images/galactic.png
[18.246s] -- Installing: /home/jakub/programming/nxp_car/install/turtlesim/share/turtlesim/images/ardent.png
[18.246s] -- Installing: /home/jakub/programming/nxp_car/install/turtlesim/share/turtlesim/images/eloquent.png
[18.246s] -- Installing: /home/jakub/programming/nxp_car/install/turtlesim/share/turtlesim/launch
[18.246s] -- Installing: /home/jakub/programming/nxp_car/install/turtlesim/share/turtlesim/launch/multisim.launch.py
[18.246s] -- Installing: /home/jakub/programming/nxp_car/install/turtlesim/share/ament_index/resource_index/package_run_dependencies/turtlesim
[18.246s] -- Installing: /home/jakub/programming/nxp_car/install/turtlesim/share/ament_index/resource_index/parent_prefix_path/turtlesim
[18.246s] -- Installing: /home/jakub/programming/nxp_car/install/turtlesim/share/turtlesim/environment/ament_prefix_path.sh
[18.246s] -- Installing: /home/jakub/programming/nxp_car/install/turtlesim/share/turtlesim/environment/ament_prefix_path.dsv
[18.246s] -- Installing: /home/jakub/programming/nxp_car/install/turtlesim/share/turtlesim/environment/path.sh
[18.246s] -- Installing: /home/jakub/programming/nxp_car/install/turtlesim/share/turtlesim/environment/path.dsv
[18.247s] -- Installing: /home/jakub/programming/nxp_car/install/turtlesim/share/turtlesim/local_setup.bash
[18.247s] -- Installing: /home/jakub/programming/nxp_car/install/turtlesim/share/turtlesim/local_setup.sh
[18.247s] -- Installing: /home/jakub/programming/nxp_car/install/turtlesim/share/turtlesim/local_setup.zsh
[18.247s] -- Installing: /home/jakub/programming/nxp_car/install/turtlesim/share/turtlesim/local_setup.dsv
[18.247s] -- Installing: /home/jakub/programming/nxp_car/install/turtlesim/share/turtlesim/package.dsv
[18.247s] -- Installing: /home/jakub/programming/nxp_car/install/turtlesim/share/ament_index/resource_index/packages/turtlesim
[18.247s] -- Installing: /home/jakub/programming/nxp_car/install/turtlesim/share/turtlesim/cmake/export_turtlesim__rosidl_generator_cExport.cmake
[18.247s] -- Installing: /home/jakub/programming/nxp_car/install/turtlesim/share/turtlesim/cmake/export_turtlesim__rosidl_generator_cExport-noconfig.cmake
[18.247s] -- Installing: /home/jakub/programming/nxp_car/install/turtlesim/share/turtlesim/cmake/export_turtlesim__rosidl_typesupport_fastrtps_cExport.cmake
[18.247s] -- Installing: /home/jakub/programming/nxp_car/install/turtlesim/share/turtlesim/cmake/export_turtlesim__rosidl_typesupport_fastrtps_cExport-noconfig.cmake
[18.247s] -- Installing: /home/jakub/programming/nxp_car/install/turtlesim/share/turtlesim/cmake/export_turtlesim__rosidl_generator_cppExport.cmake
[18.248s] -- Installing: /home/jakub/programming/nxp_car/install/turtlesim/share/turtlesim/cmake/export_turtlesim__rosidl_typesupport_fastrtps_cppExport.cmake
[18.248s] -- Installing: /home/jakub/programming/nxp_car/install/turtlesim/share/turtlesim/cmake/export_turtlesim__rosidl_typesupport_fastrtps_cppExport-noconfig.cmake
[18.248s] -- Installing: /home/jakub/programming/nxp_car/install/turtlesim/share/turtlesim/cmake/turtlesim__rosidl_typesupport_introspection_cExport.cmake
[18.248s] -- Installing: /home/jakub/programming/nxp_car/install/turtlesim/share/turtlesim/cmake/turtlesim__rosidl_typesupport_introspection_cExport-noconfig.cmake
[18.248s] -- Installing: /home/jakub/programming/nxp_car/install/turtlesim/share/turtlesim/cmake/turtlesim__rosidl_typesupport_cExport.cmake
[18.248s] -- Installing: /home/jakub/programming/nxp_car/install/turtlesim/share/turtlesim/cmake/turtlesim__rosidl_typesupport_cExport-noconfig.cmake
[18.248s] -- Installing: /home/jakub/programming/nxp_car/install/turtlesim/share/turtlesim/cmake/turtlesim__rosidl_typesupport_introspection_cppExport.cmake
[18.248s] -- Installing: /home/jakub/programming/nxp_car/install/turtlesim/share/turtlesim/cmake/turtlesim__rosidl_typesupport_introspection_cppExport-noconfig.cmake
[18.248s] -- Installing: /home/jakub/programming/nxp_car/install/turtlesim/share/turtlesim/cmake/turtlesim__rosidl_typesupport_cppExport.cmake
[18.248s] -- Installing: /home/jakub/programming/nxp_car/install/turtlesim/share/turtlesim/cmake/turtlesim__rosidl_typesupport_cppExport-noconfig.cmake
[18.249s] -- Installing: /home/jakub/programming/nxp_car/install/turtlesim/share/turtlesim/cmake/export_turtlesim__rosidl_generator_pyExport.cmake
[18.249s] -- Installing: /home/jakub/programming/nxp_car/install/turtlesim/share/turtlesim/cmake/export_turtlesim__rosidl_generator_pyExport-noconfig.cmake
[18.249s] -- Installing: /home/jakub/programming/nxp_car/install/turtlesim/share/turtlesim/cmake/rosidl_cmake-extras.cmake
[18.249s] -- Installing: /home/jakub/programming/nxp_car/install/turtlesim/share/turtlesim/cmake/ament_cmake_export_dependencies-extras.cmake
[18.249s] -- Installing: /home/jakub/programming/nxp_car/install/turtlesim/share/turtlesim/cmake/ament_cmake_export_include_directories-extras.cmake
[18.249s] -- Installing: /home/jakub/programming/nxp_car/install/turtlesim/share/turtlesim/cmake/ament_cmake_export_libraries-extras.cmake
[18.249s] -- Installing: /home/jakub/programming/nxp_car/install/turtlesim/share/turtlesim/cmake/ament_cmake_export_targets-extras.cmake
[18.249s] -- Installing: /home/jakub/programming/nxp_car/install/turtlesim/share/turtlesim/cmake/rosidl_cmake_export_typesupport_targets-extras.cmake
[18.249s] -- Installing: /home/jakub/programming/nxp_car/install/turtlesim/share/turtlesim/cmake/rosidl_cmake_export_typesupport_libraries-extras.cmake
[18.249s] -- Installing: /home/jakub/programming/nxp_car/install/turtlesim/share/turtlesim/cmake/turtlesimConfig.cmake
[18.249s] -- Installing: /home/jakub/programming/nxp_car/install/turtlesim/share/turtlesim/cmake/turtlesimConfig-version.cmake
[18.250s] -- Installing: /home/jakub/programming/nxp_car/install/turtlesim/share/turtlesim/package.xml
[18.252s] Invoked command in '/home/jakub/programming/nxp_car/build/turtlesim' returned '0': CMAKE_PREFIX_PATH=/opt/ros/humble /usr/bin/cmake --install /home/jakub/programming/nxp_car/build/turtlesim
