-- Found ament_cmake: 1.3.11 (/opt/ros/humble/share/ament_cmake/cmake)
-- Found ament_lint_auto: 0.12.11 (/opt/ros/humble/share/ament_lint_auto/cmake)
-- Added test 'lint_cmake' to check CMake code style
-- Added test 'xmllint' to check XML markup files
-- Configuring done
-- Generating done
-- Build files have been written to: /home/jakub/programming/nxp_car/build/my_car
-- Install configuration: ""
-- Installing: /home/jakub/programming/nxp_car/install/my_car/share/ament_index/resource_index/package_run_dependencies/my_car
-- Installing: /home/jakub/programming/nxp_car/install/my_car/share/ament_index/resource_index/parent_prefix_path/my_car
-- Installing: /home/jakub/programming/nxp_car/install/my_car/share/my_car/environment/ament_prefix_path.sh
-- Installing: /home/jakub/programming/nxp_car/install/my_car/share/my_car/environment/ament_prefix_path.dsv
-- Installing: /home/jakub/programming/nxp_car/install/my_car/share/my_car/environment/path.sh
-- Installing: /home/jakub/programming/nxp_car/install/my_car/share/my_car/environment/path.dsv
-- Installing: /home/jakub/programming/nxp_car/install/my_car/share/my_car/local_setup.bash
-- Installing: /home/jakub/programming/nxp_car/install/my_car/share/my_car/local_setup.sh
-- Installing: /home/jakub/programming/nxp_car/install/my_car/share/my_car/local_setup.zsh
-- Installing: /home/jakub/programming/nxp_car/install/my_car/share/my_car/local_setup.dsv
-- Installing: /home/jakub/programming/nxp_car/install/my_car/share/my_car/package.dsv
-- Installing: /home/jakub/programming/nxp_car/install/my_car/share/ament_index/resource_index/packages/my_car
-- Installing: /home/jakub/programming/nxp_car/install/my_car/share/my_car/cmake/my_carConfig.cmake
-- Installing: /home/jakub/programming/nxp_car/install/my_car/share/my_car/cmake/my_carConfig-version.cmake
-- Installing: /home/jakub/programming/nxp_car/install/my_car/share/my_car/package.xml
