[0.009s] Invoking command in '/home/jakub/programming/nxp_car/build/my_car': CMAKE_PREFIX_PATH=/opt/ros/humble /usr/bin/cmake /home/jakub/programming/nxp_car/src/my_car -DCMAKE_INSTALL_PREFIX=/home/jakub/programming/nxp_car/install/my_car
[0.019s] -- Found ament_cmake: 1.3.11 (/opt/ros/humble/share/ament_cmake/cmake)
[0.118s] -- Found ament_lint_auto: 0.12.11 (/opt/ros/humble/share/ament_lint_auto/cmake)
[0.174s] -- Added test 'lint_cmake' to check CMake code style
[0.174s] -- Added test 'xmllint' to check XML markup files
[0.175s] -- Configuring done
[0.177s] -- Generating done
[0.178s] -- Build files have been written to: /home/jakub/programming/nxp_car/build/my_car
[0.180s] Invoked command in '/home/jakub/programming/nxp_car/build/my_car' returned '0': CMAKE_PREFIX_PATH=/opt/ros/humble /usr/bin/cmake /home/jakub/programming/nxp_car/src/my_car -DCMAKE_INSTALL_PREFIX=/home/jakub/programming/nxp_car/install/my_car
[0.181s] Invoking command in '/home/jakub/programming/nxp_car/build/my_car': CMAKE_PREFIX_PATH=/opt/ros/humble /usr/bin/cmake --build /home/jakub/programming/nxp_car/build/my_car -- -j12 -l12
[0.205s] Invoked command in '/home/jakub/programming/nxp_car/build/my_car' returned '0': CMAKE_PREFIX_PATH=/opt/ros/humble /usr/bin/cmake --build /home/jakub/programming/nxp_car/build/my_car -- -j12 -l12
[0.206s] Invoking command in '/home/jakub/programming/nxp_car/build/my_car': CMAKE_PREFIX_PATH=/opt/ros/humble /usr/bin/cmake --install /home/jakub/programming/nxp_car/build/my_car
[0.211s] -- Install configuration: ""
[0.211s] -- Installing: /home/jakub/programming/nxp_car/install/my_car/share/ament_index/resource_index/package_run_dependencies/my_car
[0.211s] -- Installing: /home/jakub/programming/nxp_car/install/my_car/share/ament_index/resource_index/parent_prefix_path/my_car
[0.211s] -- Installing: /home/jakub/programming/nxp_car/install/my_car/share/my_car/environment/ament_prefix_path.sh
[0.212s] -- Installing: /home/jakub/programming/nxp_car/install/my_car/share/my_car/environment/ament_prefix_path.dsv
[0.212s] -- Installing: /home/jakub/programming/nxp_car/install/my_car/share/my_car/environment/path.sh
[0.212s] -- Installing: /home/jakub/programming/nxp_car/install/my_car/share/my_car/environment/path.dsv
[0.212s] -- Installing: /home/jakub/programming/nxp_car/install/my_car/share/my_car/local_setup.bash
[0.212s] -- Installing: /home/jakub/programming/nxp_car/install/my_car/share/my_car/local_setup.sh
[0.212s] -- Installing: /home/jakub/programming/nxp_car/install/my_car/share/my_car/local_setup.zsh
[0.212s] -- Installing: /home/jakub/programming/nxp_car/install/my_car/share/my_car/local_setup.dsv
[0.212s] -- Installing: /home/jakub/programming/nxp_car/install/my_car/share/my_car/package.dsv
[0.212s] -- Installing: /home/jakub/programming/nxp_car/install/my_car/share/ament_index/resource_index/packages/my_car
[0.212s] -- Installing: /home/jakub/programming/nxp_car/install/my_car/share/my_car/cmake/my_carConfig.cmake
[0.212s] -- Installing: /home/jakub/programming/nxp_car/install/my_car/share/my_car/cmake/my_carConfig-version.cmake
[0.212s] -- Installing: /home/jakub/programming/nxp_car/install/my_car/share/my_car/package.xml
[0.214s] Invoked command in '/home/jakub/programming/nxp_car/build/my_car' returned '0': CMAKE_PREFIX_PATH=/opt/ros/humble /usr/bin/cmake --install /home/jakub/programming/nxp_car/build/my_car
