[0.009s] Invoking command in '/home/jakub/programming/nxp_car/build/my_car': /usr/bin/cmake /home/jakub/programming/nxp_car/src/my_car -DCMAKE_INSTALL_PREFIX=/home/jakub/programming/nxp_car/install/my_car
[0.050s] -- The C compiler identification is GNU 11.4.0
[0.092s] -- The CXX compiler identification is GNU 11.4.0
[0.097s] -- Detecting C compiler ABI info
[0.146s] -- Detecting C compiler ABI info - done
[0.152s] -- Check for working C compiler: /usr/bin/cc - skipped
[0.152s] -- Detecting C compile features
[0.153s] -- Detecting C compile features - done
[0.155s] -- Detecting CXX compiler ABI info
[0.212s] -- Detecting CXX compiler ABI info - done
[0.218s] -- Check for working CXX compiler: /usr/bin/c++ - skipped
[0.219s] -- Detecting CXX compile features
[0.219s] -- Detecting CXX compile features - done
[0.220s] -- Found ament_cmake: 1.3.11 (/opt/ros/humble/share/ament_cmake/cmake)
[0.336s] -- Found Python3: /usr/bin/python3 (found version "3.10.12") found components: Interpreter 
[0.408s] -- Found ament_lint_auto: 0.12.11 (/opt/ros/humble/share/ament_lint_auto/cmake)
[0.484s] Error parsing '/home/jakub/programming/nxp_car/src/my_car/package.xml':
[0.519s] Traceback (most recent call last):
[0.519s]   File "/opt/ros/humble/share/ament_cmake_core/cmake/core/package_xml_2_cmake.py", line 150, in <module>
[0.519s]     main()
[0.519s]   File "/opt/ros/humble/share/ament_cmake_core/cmake/core/package_xml_2_cmake.py", line 53, in main
[0.519s]     raise e
[0.519s]   File "/opt/ros/humble/share/ament_cmake_core/cmake/core/package_xml_2_cmake.py", line 49, in main
[0.519s]     package = parse_package_string(
[0.519s]   File "/usr/lib/python3/dist-packages/catkin_pkg/package.py", line 788, in parse_package_string
[0.526s]     pkg.validate(warnings=warnings)
[0.526s]   File "/usr/lib/python3/dist-packages/catkin_pkg/package.py", line 330, in validate
[0.527s]     raise InvalidPackage('\n'.join(errors), self.filename)
[0.527s] catkin_pkg.package.InvalidPackage: Error(s) in package '/home/jakub/programming/nxp_car/src/my_car/package.xml':
[0.527s] Invalid email "Stanio251" for person "jakub"
[0.540s] [31mCMake Error at /opt/ros/humble/share/ament_cmake_core/cmake/core/ament_package_xml.cmake:95 (message):
[0.540s]   execute_process(/usr/bin/python3
[0.540s]   /opt/ros/humble/share/ament_cmake_core/cmake/core/package_xml_2_cmake.py
[0.540s]   /home/jakub/programming/nxp_car/src/my_car/package.xml
[0.540s]   /home/jakub/programming/nxp_car/build/my_car/ament_cmake_core/package.cmake)
[0.540s]   returned error code 1
[0.540s] Call Stack (most recent call first):
[0.540s]   /opt/ros/humble/share/ament_cmake_core/cmake/core/ament_package_xml.cmake:49 (_ament_package_xml)
[0.540s]   /opt/ros/humble/share/ament_lint_auto/cmake/ament_lint_auto_find_test_dependencies.cmake:31 (ament_package_xml)
[0.541s]   CMakeLists.txt:23 (ament_lint_auto_find_test_dependencies)
[0.541s] 
[0.541s] [0m
[0.541s] -- Configuring incomplete, errors occurred!
[0.541s] See also "/home/jakub/programming/nxp_car/build/my_car/CMakeFiles/CMakeOutput.log".
