[0.009s] Invoking command in '/home/jakub/programming/nxp_car/build/my_car': /usr/bin/cmake /home/jakub/programming/nxp_car/src/my_car -DCMAKE_INSTALL_PREFIX=/home/jakub/programming/nxp_car/install/my_car
[0.018s] -- Found ament_cmake: 1.3.11 (/opt/ros/humble/share/ament_cmake/cmake)
[0.116s] -- Found ament_lint_auto: 0.12.11 (/opt/ros/humble/share/ament_lint_auto/cmake)
[0.156s] Error parsing '/home/jakub/programming/nxp_car/src/my_car/package.xml':
[0.192s] Traceback (most recent call last):
[0.192s]   File "/opt/ros/humble/share/ament_cmake_core/cmake/core/package_xml_2_cmake.py", line 150, in <module>
[0.192s]     main()
[0.192s]   File "/opt/ros/humble/share/ament_cmake_core/cmake/core/package_xml_2_cmake.py", line 53, in main
[0.192s]     raise e
[0.193s]   File "/opt/ros/humble/share/ament_cmake_core/cmake/core/package_xml_2_cmake.py", line 49, in main
[0.193s]     package = parse_package_string(
[0.193s]   File "/usr/lib/python3/dist-packages/catkin_pkg/package.py", line 788, in parse_package_string
[0.193s]     pkg.validate(warnings=warnings)
[0.193s]   File "/usr/lib/python3/dist-packages/catkin_pkg/package.py", line 330, in validate
[0.193s]     raise InvalidPackage('\n'.join(errors), self.filename)
[0.193s] catkin_pkg.package.InvalidPackage: Error(s) in package '/home/jakub/programming/nxp_car/src/my_car/package.xml':
[0.193s] Invalid email "Stanio251" for person "jakub"
[0.204s] [31mCMake Error at /opt/ros/humble/share/ament_cmake_core/cmake/core/ament_package_xml.cmake:95 (message):
[0.204s]   execute_process(/usr/bin/python3
[0.205s]   /opt/ros/humble/share/ament_cmake_core/cmake/core/package_xml_2_cmake.py
[0.205s]   /home/jakub/programming/nxp_car/src/my_car/package.xml
[0.205s]   /home/jakub/programming/nxp_car/build/my_car/ament_cmake_core/package.cmake)
[0.205s]   returned error code 1
[0.205s] Call Stack (most recent call first):
[0.205s]   /opt/ros/humble/share/ament_cmake_core/cmake/core/ament_package_xml.cmake:49 (_ament_package_xml)
[0.205s]   /opt/ros/humble/share/ament_lint_auto/cmake/ament_lint_auto_find_test_dependencies.cmake:31 (ament_package_xml)
[0.205s]   CMakeLists.txt:23 (ament_lint_auto_find_test_dependencies)
[0.205s] 
[0.205s] [0m
[0.206s] -- Configuring incomplete, errors occurred!
[0.206s] See also "/home/jakub/programming/nxp_car/build/my_car/CMakeFiles/CMakeOutput.log".
[0.207s] Invoked command in '/home/jakub/programming/nxp_car/build/my_car' returned '1': /usr/bin/cmake /home/jakub/programming/nxp_car/src/my_car -DCMAKE_INSTALL_PREFIX=/home/jakub/programming/nxp_car/install/my_car
