[0.007s] Invoking command in '/home/jakub/programming/nxp_car/build/my_package': /usr/bin/cmake /home/jakub/programming/nxp_car/src/my_package -DCMAKE_INSTALL_PREFIX=/home/jakub/programming/nxp_car/install/my_package
[0.046s] -- The C compiler identification is GNU 11.4.0
[0.087s] -- The CXX compiler identification is GNU 11.4.0
[0.093s] -- Detecting C compiler ABI info
[0.141s] -- Detecting C compiler ABI info - done
[0.148s] -- Check for working C compiler: /usr/bin/cc - skipped
[0.148s] -- Detecting C compile features
[0.149s] -- Detecting C compile features - done
[0.151s] -- Detecting CXX compiler ABI info
[0.208s] -- Detecting CXX compiler ABI info - done
[0.215s] -- Check for working CXX compiler: /usr/bin/c++ - skipped
[0.215s] -- Detecting CXX compile features
[0.215s] -- Detecting CXX compile features - done
[0.217s] -- Found ament_cmake: 1.3.11 (/opt/ros/humble/share/ament_cmake/cmake)
[0.331s] -- Found Python3: /usr/bin/python3 (found version "3.10.12") found components: Interpreter 
[0.404s] -- Found ament_lint_auto: 0.12.11 (/opt/ros/humble/share/ament_lint_auto/cmake)
[0.480s] Error parsing '/home/jakub/programming/nxp_car/src/my_package/package.xml':
[0.514s] Traceback (most recent call last):
[0.514s]   File "/opt/ros/humble/share/ament_cmake_core/cmake/core/package_xml_2_cmake.py", line 150, in <module>
[0.514s]     main()
[0.515s]   File "/opt/ros/humble/share/ament_cmake_core/cmake/core/package_xml_2_cmake.py", line 53, in main
[0.515s]     raise e
[0.515s]   File "/opt/ros/humble/share/ament_cmake_core/cmake/core/package_xml_2_cmake.py", line 49, in main
[0.515s]     package = parse_package_string(
[0.515s]   File "/usr/lib/python3/dist-packages/catkin_pkg/package.py", line 788, in parse_package_string
[0.522s]     pkg.validate(warnings=warnings)
[0.523s]   File "/usr/lib/python3/dist-packages/catkin_pkg/package.py", line 330, in validate
[0.523s]     raise InvalidPackage('\n'.join(errors), self.filename)
[0.523s] catkin_pkg.package.InvalidPackage: Error(s) in package '/home/jakub/programming/nxp_car/src/my_package/package.xml':
[0.523s] Invalid email "Stanio251" for person "jakub"
[0.535s] [31mCMake Error at /opt/ros/humble/share/ament_cmake_core/cmake/core/ament_package_xml.cmake:95 (message):
[0.535s]   execute_process(/usr/bin/python3
[0.535s]   /opt/ros/humble/share/ament_cmake_core/cmake/core/package_xml_2_cmake.py
[0.535s]   /home/jakub/programming/nxp_car/src/my_package/package.xml
[0.535s]   /home/jakub/programming/nxp_car/build/my_package/ament_cmake_core/package.cmake)
[0.535s]   returned error code 1
[0.536s] Call Stack (most recent call first):
[0.536s]   /opt/ros/humble/share/ament_cmake_core/cmake/core/ament_package_xml.cmake:49 (_ament_package_xml)
[0.536s]   /opt/ros/humble/share/ament_lint_auto/cmake/ament_lint_auto_find_test_dependencies.cmake:31 (ament_package_xml)
[0.536s]   CMakeLists.txt:32 (ament_lint_auto_find_test_dependencies)
[0.536s] 
[0.536s] [0m
[0.536s] -- Configuring incomplete, errors occurred!
[0.536s] See also "/home/jakub/programming/nxp_car/build/my_package/CMakeFiles/CMakeOutput.log".
[0.539s] Invoked command in '/home/jakub/programming/nxp_car/build/my_package' returned '1': /usr/bin/cmake /home/jakub/programming/nxp_car/src/my_package -DCMAKE_INSTALL_PREFIX=/home/jakub/programming/nxp_car/install/my_package
