[0.008s] Invoking command in '/home/jakub/programming/nxp_car/build/my_package': /usr/bin/cmake /home/jakub/programming/nxp_car/src/my_package -DCMAKE_INSTALL_PREFIX=/home/jakub/programming/nxp_car/install/my_package
[0.016s] -- Found ament_cmake: 1.3.11 (/opt/ros/humble/share/ament_cmake/cmake)
[0.112s] -- Found ament_lint_auto: 0.12.11 (/opt/ros/humble/share/ament_lint_auto/cmake)
[0.152s] Error parsing '/home/jakub/programming/nxp_car/src/my_package/package.xml':
[0.188s] Traceback (most recent call last):
[0.188s]   File "/opt/ros/humble/share/ament_cmake_core/cmake/core/package_xml_2_cmake.py", line 150, in <module>
[0.188s]     main()
[0.188s]   File "/opt/ros/humble/share/ament_cmake_core/cmake/core/package_xml_2_cmake.py", line 53, in main
[0.188s]     raise e
[0.188s]   File "/opt/ros/humble/share/ament_cmake_core/cmake/core/package_xml_2_cmake.py", line 49, in main
[0.189s]     package = parse_package_string(
[0.189s]   File "/usr/lib/python3/dist-packages/catkin_pkg/package.py", line 788, in parse_package_string
[0.189s]     pkg.validate(warnings=warnings)
[0.189s]   File "/usr/lib/python3/dist-packages/catkin_pkg/package.py", line 330, in validate
[0.189s]     raise InvalidPackage('\n'.join(errors), self.filename)
[0.189s] catkin_pkg.package.InvalidPackage: Error(s) in package '/home/jakub/programming/nxp_car/src/my_package/package.xml':
[0.189s] Invalid email "Stanio251" for person "jakub"
[0.201s] [31mCMake Error at /opt/ros/humble/share/ament_cmake_core/cmake/core/ament_package_xml.cmake:95 (message):
[0.201s]   execute_process(/usr/bin/python3
[0.201s]   /opt/ros/humble/share/ament_cmake_core/cmake/core/package_xml_2_cmake.py
[0.202s]   /home/jakub/programming/nxp_car/src/my_package/package.xml
[0.202s]   /home/jakub/programming/nxp_car/build/my_package/ament_cmake_core/package.cmake)
[0.202s]   returned error code 1
[0.202s] Call Stack (most recent call first):
[0.202s]   /opt/ros/humble/share/ament_cmake_core/cmake/core/ament_package_xml.cmake:49 (_ament_package_xml)
[0.202s]   /opt/ros/humble/share/ament_lint_auto/cmake/ament_lint_auto_find_test_dependencies.cmake:31 (ament_package_xml)
[0.202s]   CMakeLists.txt:32 (ament_lint_auto_find_test_dependencies)
[0.202s] 
[0.202s] [0m
[0.202s] -- Configuring incomplete, errors occurred!
[0.202s] See also "/home/jakub/programming/nxp_car/build/my_package/CMakeFiles/CMakeOutput.log".
