[0.008s] Invoking command in '/home/jakub/programming/nxp_car/build/my_package': CMAKE_PREFIX_PATH=/opt/ros/humble /usr/bin/cmake --build /home/jakub/programming/nxp_car/build/my_package -- -j12 -l12
[0.033s] [35m[1mConsolidate compiler generated dependencies of target my_node[0m
[0.041s] [100%] Built target my_node
[0.049s] Invoked command in '/home/jakub/programming/nxp_car/build/my_package' returned '0': CMAKE_PREFIX_PATH=/opt/ros/humble /usr/bin/cmake --build /home/jakub/programming/nxp_car/build/my_package -- -j12 -l12
[0.057s] Invoking command in '/home/jakub/programming/nxp_car/build/my_package': CMAKE_PREFIX_PATH=/opt/ros/humble /usr/bin/cmake --install /home/jakub/programming/nxp_car/build/my_package
[0.061s] -- Install configuration: ""
[0.062s] -- Installing: /home/jakub/programming/nxp_car/install/my_package/lib/my_package/my_node
[0.062s] -- Installing: /home/jakub/programming/nxp_car/install/my_package/share/ament_index/resource_index/package_run_dependencies/my_package
[0.062s] -- Installing: /home/jakub/programming/nxp_car/install/my_package/share/ament_index/resource_index/parent_prefix_path/my_package
[0.062s] -- Installing: /home/jakub/programming/nxp_car/install/my_package/share/my_package/environment/ament_prefix_path.sh
[0.062s] -- Installing: /home/jakub/programming/nxp_car/install/my_package/share/my_package/environment/ament_prefix_path.dsv
[0.063s] -- Installing: /home/jakub/programming/nxp_car/install/my_package/share/my_package/environment/path.sh
[0.063s] -- Installing: /home/jakub/programming/nxp_car/install/my_package/share/my_package/environment/path.dsv
[0.063s] -- Installing: /home/jakub/programming/nxp_car/install/my_package/share/my_package/local_setup.bash
[0.063s] -- Installing: /home/jakub/programming/nxp_car/install/my_package/share/my_package/local_setup.sh
[0.063s] -- Installing: /home/jakub/programming/nxp_car/install/my_package/share/my_package/local_setup.zsh
[0.063s] -- Installing: /home/jakub/programming/nxp_car/install/my_package/share/my_package/local_setup.dsv
[0.063s] -- Installing: /home/jakub/programming/nxp_car/install/my_package/share/my_package/package.dsv
[0.063s] -- Installing: /home/jakub/programming/nxp_car/install/my_package/share/ament_index/resource_index/packages/my_package
[0.063s] -- Installing: /home/jakub/programming/nxp_car/install/my_package/share/my_package/cmake/my_packageConfig.cmake
[0.063s] -- Installing: /home/jakub/programming/nxp_car/install/my_package/share/my_package/cmake/my_packageConfig-version.cmake
[0.063s] -- Installing: /home/jakub/programming/nxp_car/install/my_package/share/my_package/package.xml
[0.065s] Invoked command in '/home/jakub/programming/nxp_car/build/my_package' returned '0': CMAKE_PREFIX_PATH=/opt/ros/humble /usr/bin/cmake --install /home/jakub/programming/nxp_car/build/my_package
