[0.087s] DEBUG:colcon:Command line arguments: ['/usr/bin/colcon', 'build', '--packages-select', 'cpp_pubsub']
[0.087s] DEBUG:colcon:Parsed command line arguments: Namespace(log_base=None, log_level=None, verb_name='build', build_base='build', install_base='install', merge_install=False, symlink_install=False, test_result_base=None, continue_on_error=False, executor='parallel', parallel_workers=12, event_handlers=None, ignore_user_meta=False, metas=['./colcon.meta'], base_paths=['.'], packages_ignore=None, packages_ignore_regex=None, paths=None, packages_up_to=None, packages_up_to_regex=None, packages_above=None, packages_above_and_dependencies=None, packages_above_depth=None, packages_select_by_dep=None, packages_skip_by_dep=None, packages_skip_up_to=None, packages_select_build_failed=False, packages_skip_build_finished=False, packages_select_test_failures=False, packages_skip_test_passed=False, packages_select=['cpp_pubsub'], packages_skip=None, packages_select_regex=None, packages_skip_regex=None, packages_start=None, packages_end=None, allow_overriding=[], cmake_args=None, cmake_target=None, cmake_target_skip_unavailable=False, cmake_clean_cache=False, cmake_clean_first=False, cmake_force_configure=False, ament_cmake_args=None, catkin_cmake_args=None, catkin_skip_building_tests=False, mixin_files=None, mixin=None, verb_parser=<colcon_mixin.mixin.mixin_argument.MixinArgumentDecorator object at 0x7064cdf69810>, verb_extension=<colcon_core.verb.build.BuildVerb object at 0x7064cdf68a30>, main=<bound method BuildVerb.main of <colcon_core.verb.build.BuildVerb object at 0x7064cdf68a30>>, mixin_verb=('build',))
[0.222s] Level 1:colcon.colcon_core.package_discovery:discover_packages(colcon_meta) check parameters
[0.223s] Level 1:colcon.colcon_core.package_discovery:discover_packages(recursive) check parameters
[0.223s] Level 1:colcon.colcon_core.package_discovery:discover_packages(ignore) check parameters
[0.223s] Level 1:colcon.colcon_core.package_discovery:discover_packages(path) check parameters
[0.223s] Level 1:colcon.colcon_core.package_discovery:discover_packages(colcon_meta) discover
[0.223s] Level 1:colcon.colcon_core.package_discovery:discover_packages(recursive) discover
[0.223s] INFO:colcon.colcon_core.package_discovery:Crawling recursively for packages in '/home/jakub/programming/nxp_car'
[0.223s] Level 1:colcon.colcon_core.package_identification:_identify(.) by extensions ['ignore', 'ignore_ament_install']
[0.223s] Level 1:colcon.colcon_core.package_identification:_identify(.) by extension 'ignore'
[0.223s] Level 1:colcon.colcon_core.package_identification:_identify(.) by extension 'ignore_ament_install'
[0.223s] Level 1:colcon.colcon_core.package_identification:_identify(.) by extensions ['colcon_pkg']
[0.223s] Level 1:colcon.colcon_core.package_identification:_identify(.) by extension 'colcon_pkg'
[0.223s] Level 1:colcon.colcon_core.package_identification:_identify(.) by extensions ['colcon_meta']
[0.223s] Level 1:colcon.colcon_core.package_identification:_identify(.) by extension 'colcon_meta'
[0.223s] Level 1:colcon.colcon_core.package_identification:_identify(.) by extensions ['ros']
[0.223s] Level 1:colcon.colcon_core.package_identification:_identify(.) by extension 'ros'
[0.231s] Level 1:colcon.colcon_core.package_identification:_identify(.) by extensions ['cmake', 'python']
[0.231s] Level 1:colcon.colcon_core.package_identification:_identify(.) by extension 'cmake'
[0.231s] Level 1:colcon.colcon_core.package_identification:_identify(.) by extension 'python'
[0.231s] Level 1:colcon.colcon_core.package_identification:_identify(.) by extensions ['python_setup_py']
[0.231s] Level 1:colcon.colcon_core.package_identification:_identify(.) by extension 'python_setup_py'
[0.231s] Level 1:colcon.colcon_core.package_identification:_identify(build) by extensions ['ignore', 'ignore_ament_install']
[0.232s] Level 1:colcon.colcon_core.package_identification:_identify(build) by extension 'ignore'
[0.232s] Level 1:colcon.colcon_core.package_identification:_identify(build) ignored
[0.232s] Level 1:colcon.colcon_core.package_identification:_identify(install) by extensions ['ignore', 'ignore_ament_install']
[0.232s] Level 1:colcon.colcon_core.package_identification:_identify(install) by extension 'ignore'
[0.232s] Level 1:colcon.colcon_core.package_identification:_identify(install) ignored
[0.232s] Level 1:colcon.colcon_core.package_identification:_identify(log) by extensions ['ignore', 'ignore_ament_install']
[0.232s] Level 1:colcon.colcon_core.package_identification:_identify(log) by extension 'ignore'
[0.232s] Level 1:colcon.colcon_core.package_identification:_identify(log) ignored
[0.232s] Level 1:colcon.colcon_core.package_identification:_identify(src) by extensions ['ignore', 'ignore_ament_install']
[0.232s] Level 1:colcon.colcon_core.package_identification:_identify(src) by extension 'ignore'
[0.232s] Level 1:colcon.colcon_core.package_identification:_identify(src) by extension 'ignore_ament_install'
[0.232s] Level 1:colcon.colcon_core.package_identification:_identify(src) by extensions ['colcon_pkg']
[0.232s] Level 1:colcon.colcon_core.package_identification:_identify(src) by extension 'colcon_pkg'
[0.232s] Level 1:colcon.colcon_core.package_identification:_identify(src) by extensions ['colcon_meta']
[0.232s] Level 1:colcon.colcon_core.package_identification:_identify(src) by extension 'colcon_meta'
[0.232s] Level 1:colcon.colcon_core.package_identification:_identify(src) by extensions ['ros']
[0.232s] Level 1:colcon.colcon_core.package_identification:_identify(src) by extension 'ros'
[0.232s] Level 1:colcon.colcon_core.package_identification:_identify(src) by extensions ['cmake', 'python']
[0.232s] Level 1:colcon.colcon_core.package_identification:_identify(src) by extension 'cmake'
[0.232s] Level 1:colcon.colcon_core.package_identification:_identify(src) by extension 'python'
[0.233s] Level 1:colcon.colcon_core.package_identification:_identify(src) by extensions ['python_setup_py']
[0.233s] Level 1:colcon.colcon_core.package_identification:_identify(src) by extension 'python_setup_py'
[0.233s] Level 1:colcon.colcon_core.package_identification:_identify(src/cpp_pubsub) by extensions ['ignore', 'ignore_ament_install']
[0.233s] Level 1:colcon.colcon_core.package_identification:_identify(src/cpp_pubsub) by extension 'ignore'
[0.233s] Level 1:colcon.colcon_core.package_identification:_identify(src/cpp_pubsub) by extension 'ignore_ament_install'
[0.233s] Level 1:colcon.colcon_core.package_identification:_identify(src/cpp_pubsub) by extensions ['colcon_pkg']
[0.233s] Level 1:colcon.colcon_core.package_identification:_identify(src/cpp_pubsub) by extension 'colcon_pkg'
[0.233s] Level 1:colcon.colcon_core.package_identification:_identify(src/cpp_pubsub) by extensions ['colcon_meta']
[0.233s] Level 1:colcon.colcon_core.package_identification:_identify(src/cpp_pubsub) by extension 'colcon_meta'
[0.233s] Level 1:colcon.colcon_core.package_identification:_identify(src/cpp_pubsub) by extensions ['ros']
[0.233s] Level 1:colcon.colcon_core.package_identification:_identify(src/cpp_pubsub) by extension 'ros'
[0.235s] DEBUG:colcon.colcon_core.package_identification:Package 'src/cpp_pubsub' with type 'ros.ament_cmake' and name 'cpp_pubsub'
[0.235s] Level 1:colcon.colcon_core.package_identification:_identify(src/my_car) by extensions ['ignore', 'ignore_ament_install']
[0.235s] Level 1:colcon.colcon_core.package_identification:_identify(src/my_car) by extension 'ignore'
[0.235s] Level 1:colcon.colcon_core.package_identification:_identify(src/my_car) by extension 'ignore_ament_install'
[0.235s] Level 1:colcon.colcon_core.package_identification:_identify(src/my_car) by extensions ['colcon_pkg']
[0.235s] Level 1:colcon.colcon_core.package_identification:_identify(src/my_car) by extension 'colcon_pkg'
[0.235s] Level 1:colcon.colcon_core.package_identification:_identify(src/my_car) by extensions ['colcon_meta']
[0.235s] Level 1:colcon.colcon_core.package_identification:_identify(src/my_car) by extension 'colcon_meta'
[0.235s] Level 1:colcon.colcon_core.package_identification:_identify(src/my_car) by extensions ['ros']
[0.235s] Level 1:colcon.colcon_core.package_identification:_identify(src/my_car) by extension 'ros'
[0.236s] DEBUG:colcon.colcon_core.package_identification:Package 'src/my_car' with type 'ros.ament_cmake' and name 'my_car'
[0.236s] Level 1:colcon.colcon_core.package_identification:_identify(src/my_package) by extensions ['ignore', 'ignore_ament_install']
[0.236s] Level 1:colcon.colcon_core.package_identification:_identify(src/my_package) by extension 'ignore'
[0.236s] Level 1:colcon.colcon_core.package_identification:_identify(src/my_package) by extension 'ignore_ament_install'
[0.236s] Level 1:colcon.colcon_core.package_identification:_identify(src/my_package) by extensions ['colcon_pkg']
[0.236s] Level 1:colcon.colcon_core.package_identification:_identify(src/my_package) by extension 'colcon_pkg'
[0.236s] Level 1:colcon.colcon_core.package_identification:_identify(src/my_package) by extensions ['colcon_meta']
[0.236s] Level 1:colcon.colcon_core.package_identification:_identify(src/my_package) by extension 'colcon_meta'
[0.236s] Level 1:colcon.colcon_core.package_identification:_identify(src/my_package) by extensions ['ros']
[0.236s] Level 1:colcon.colcon_core.package_identification:_identify(src/my_package) by extension 'ros'
[0.236s] DEBUG:colcon.colcon_core.package_identification:Package 'src/my_package' with type 'ros.ament_cmake' and name 'my_package'
[0.237s] Level 1:colcon.colcon_core.package_discovery:discover_packages(recursive) using defaults
[0.237s] Level 1:colcon.colcon_core.package_discovery:discover_packages(ignore) discover
[0.237s] Level 1:colcon.colcon_core.package_discovery:discover_packages(ignore) using defaults
[0.237s] Level 1:colcon.colcon_core.package_discovery:discover_packages(path) discover
[0.237s] Level 1:colcon.colcon_core.package_discovery:discover_packages(path) using defaults
[0.258s] INFO:colcon.colcon_core.package_selection:Skipping not selected package 'my_car' in 'src/my_car'
[0.258s] INFO:colcon.colcon_core.package_selection:Skipping not selected package 'my_package' in 'src/my_package'
[0.258s] Level 1:colcon.colcon_core.package_discovery:discover_packages(prefix_path) check parameters
[0.258s] Level 1:colcon.colcon_core.package_discovery:discover_packages(prefix_path) discover
[0.260s] DEBUG:colcon.colcon_installed_package_information.package_discovery:Found 2 installed packages in /home/jakub/programming/nxp_car/install
[0.261s] DEBUG:colcon.colcon_installed_package_information.package_discovery:Found 295 installed packages in /opt/ros/humble
[0.262s] Level 1:colcon.colcon_core.package_discovery:discover_packages(prefix_path) using defaults
[0.293s] Level 5:colcon.colcon_core.verb:set package 'cpp_pubsub' build argument 'cmake_args' from command line to 'None'
[0.293s] Level 5:colcon.colcon_core.verb:set package 'cpp_pubsub' build argument 'cmake_target' from command line to 'None'
[0.293s] Level 5:colcon.colcon_core.verb:set package 'cpp_pubsub' build argument 'cmake_target_skip_unavailable' from command line to 'False'
[0.293s] Level 5:colcon.colcon_core.verb:set package 'cpp_pubsub' build argument 'cmake_clean_cache' from command line to 'False'
[0.293s] Level 5:colcon.colcon_core.verb:set package 'cpp_pubsub' build argument 'cmake_clean_first' from command line to 'False'
[0.293s] Level 5:colcon.colcon_core.verb:set package 'cpp_pubsub' build argument 'cmake_force_configure' from command line to 'False'
[0.293s] Level 5:colcon.colcon_core.verb:set package 'cpp_pubsub' build argument 'ament_cmake_args' from command line to 'None'
[0.293s] Level 5:colcon.colcon_core.verb:set package 'cpp_pubsub' build argument 'catkin_cmake_args' from command line to 'None'
[0.293s] Level 5:colcon.colcon_core.verb:set package 'cpp_pubsub' build argument 'catkin_skip_building_tests' from command line to 'False'
[0.293s] DEBUG:colcon.colcon_core.verb:Building package 'cpp_pubsub' with the following arguments: {'ament_cmake_args': None, 'build_base': '/home/jakub/programming/nxp_car/build/cpp_pubsub', 'catkin_cmake_args': None, 'catkin_skip_building_tests': False, 'cmake_args': None, 'cmake_clean_cache': False, 'cmake_clean_first': False, 'cmake_force_configure': False, 'cmake_target': None, 'cmake_target_skip_unavailable': False, 'install_base': '/home/jakub/programming/nxp_car/install/cpp_pubsub', 'merge_install': False, 'path': '/home/jakub/programming/nxp_car/src/cpp_pubsub', 'symlink_install': False, 'test_result_base': None}
[0.293s] INFO:colcon.colcon_core.executor:Executing jobs using 'parallel' executor
[0.294s] DEBUG:colcon.colcon_parallel_executor.executor.parallel:run_until_complete
[0.294s] INFO:colcon.colcon_ros.task.ament_cmake.build:Building ROS package in '/home/jakub/programming/nxp_car/src/cpp_pubsub' with build type 'ament_cmake'
[0.294s] INFO:colcon.colcon_cmake.task.cmake.build:Building CMake package in '/home/jakub/programming/nxp_car/src/cpp_pubsub'
[0.296s] INFO:colcon.colcon_core.plugin_system:Skipping extension 'colcon_core.shell.bat': Not used on non-Windows systems
[0.296s] INFO:colcon.colcon_core.shell:Skip shell extension 'powershell' for command environment: Not usable outside of PowerShell
[0.296s] DEBUG:colcon.colcon_core.shell:Skip shell extension 'dsv' for command environment
[0.303s] DEBUG:colcon.colcon_core.event_handler.log_command:Invoking command in '/home/jakub/programming/nxp_car/build/cpp_pubsub': CMAKE_PREFIX_PATH=${CMAKE_PREFIX_PATH}:/opt/ros/humble /usr/bin/cmake /home/jakub/programming/nxp_car/src/cpp_pubsub -DCMAKE_INSTALL_PREFIX=/home/jakub/programming/nxp_car/install/cpp_pubsub
[1.107s] DEBUG:colcon.colcon_core.event_handler.log_command:Invoked command in '/home/jakub/programming/nxp_car/build/cpp_pubsub' returned '0': CMAKE_PREFIX_PATH=${CMAKE_PREFIX_PATH}:/opt/ros/humble /usr/bin/cmake /home/jakub/programming/nxp_car/src/cpp_pubsub -DCMAKE_INSTALL_PREFIX=/home/jakub/programming/nxp_car/install/cpp_pubsub
[1.108s] DEBUG:colcon.colcon_core.event_handler.log_command:Invoking command in '/home/jakub/programming/nxp_car/build/cpp_pubsub': CMAKE_PREFIX_PATH=${CMAKE_PREFIX_PATH}:/opt/ros/humble /usr/bin/cmake --build /home/jakub/programming/nxp_car/build/cpp_pubsub -- -j12 -l12
[7.863s] DEBUG:colcon.colcon_core.event_handler.log_command:Invoked command in '/home/jakub/programming/nxp_car/build/cpp_pubsub' returned '0': CMAKE_PREFIX_PATH=${CMAKE_PREFIX_PATH}:/opt/ros/humble /usr/bin/cmake --build /home/jakub/programming/nxp_car/build/cpp_pubsub -- -j12 -l12
[7.871s] DEBUG:colcon.colcon_core.event_handler.log_command:Invoking command in '/home/jakub/programming/nxp_car/build/cpp_pubsub': CMAKE_PREFIX_PATH=${CMAKE_PREFIX_PATH}:/opt/ros/humble /usr/bin/cmake --install /home/jakub/programming/nxp_car/build/cpp_pubsub
[7.881s] Level 1:colcon.colcon_core.environment:create_environment_scripts_only(cpp_pubsub)
[7.882s] DEBUG:colcon.colcon_core.event_handler.log_command:Invoked command in '/home/jakub/programming/nxp_car/build/cpp_pubsub' returned '0': CMAKE_PREFIX_PATH=${CMAKE_PREFIX_PATH}:/opt/ros/humble /usr/bin/cmake --install /home/jakub/programming/nxp_car/build/cpp_pubsub
[7.884s] Level 1:colcon.colcon_core.environment:checking '/home/jakub/programming/nxp_car/install/cpp_pubsub' for CMake module files
[7.885s] Level 1:colcon.colcon_core.environment:checking '/home/jakub/programming/nxp_car/install/cpp_pubsub' for CMake config files
[7.885s] Level 1:colcon.colcon_core.shell:create_environment_hook('cpp_pubsub', 'cmake_prefix_path')
[7.885s] INFO:colcon.colcon_core.shell:Creating environment hook '/home/jakub/programming/nxp_car/install/cpp_pubsub/share/cpp_pubsub/hook/cmake_prefix_path.ps1'
[7.886s] INFO:colcon.colcon_core.shell:Creating environment descriptor '/home/jakub/programming/nxp_car/install/cpp_pubsub/share/cpp_pubsub/hook/cmake_prefix_path.dsv'
[7.887s] INFO:colcon.colcon_core.shell:Creating environment hook '/home/jakub/programming/nxp_car/install/cpp_pubsub/share/cpp_pubsub/hook/cmake_prefix_path.sh'
[7.888s] Level 1:colcon.colcon_core.environment:checking '/home/jakub/programming/nxp_car/install/cpp_pubsub/lib'
[7.888s] Level 1:colcon.colcon_core.environment:checking '/home/jakub/programming/nxp_car/install/cpp_pubsub/bin'
[7.888s] Level 1:colcon.colcon_core.environment:checking '/home/jakub/programming/nxp_car/install/cpp_pubsub/lib/pkgconfig/cpp_pubsub.pc'
[7.888s] Level 1:colcon.colcon_core.environment:checking '/home/jakub/programming/nxp_car/install/cpp_pubsub/lib/python3.10/site-packages'
[7.888s] Level 1:colcon.colcon_core.environment:checking '/home/jakub/programming/nxp_car/install/cpp_pubsub/bin'
[7.889s] INFO:colcon.colcon_core.shell:Creating package script '/home/jakub/programming/nxp_car/install/cpp_pubsub/share/cpp_pubsub/package.ps1'
[7.889s] INFO:colcon.colcon_core.shell:Creating package descriptor '/home/jakub/programming/nxp_car/install/cpp_pubsub/share/cpp_pubsub/package.dsv'
[7.890s] INFO:colcon.colcon_core.shell:Creating package script '/home/jakub/programming/nxp_car/install/cpp_pubsub/share/cpp_pubsub/package.sh'
[7.890s] INFO:colcon.colcon_core.shell:Creating package script '/home/jakub/programming/nxp_car/install/cpp_pubsub/share/cpp_pubsub/package.bash'
[7.891s] INFO:colcon.colcon_core.shell:Creating package script '/home/jakub/programming/nxp_car/install/cpp_pubsub/share/cpp_pubsub/package.zsh'
[7.892s] Level 1:colcon.colcon_core.environment:create_file_with_runtime_dependencies(/home/jakub/programming/nxp_car/install/cpp_pubsub/share/colcon-core/packages/cpp_pubsub)
[7.892s] Level 1:colcon.colcon_core.environment:create_environment_scripts_only(cpp_pubsub)
[7.892s] Level 1:colcon.colcon_core.environment:checking '/home/jakub/programming/nxp_car/install/cpp_pubsub' for CMake module files
[7.893s] Level 1:colcon.colcon_core.environment:checking '/home/jakub/programming/nxp_car/install/cpp_pubsub' for CMake config files
[7.893s] Level 1:colcon.colcon_core.shell:create_environment_hook('cpp_pubsub', 'cmake_prefix_path')
[7.893s] INFO:colcon.colcon_core.shell:Creating environment hook '/home/jakub/programming/nxp_car/install/cpp_pubsub/share/cpp_pubsub/hook/cmake_prefix_path.ps1'
[7.894s] INFO:colcon.colcon_core.shell:Creating environment descriptor '/home/jakub/programming/nxp_car/install/cpp_pubsub/share/cpp_pubsub/hook/cmake_prefix_path.dsv'
[7.894s] INFO:colcon.colcon_core.shell:Creating environment hook '/home/jakub/programming/nxp_car/install/cpp_pubsub/share/cpp_pubsub/hook/cmake_prefix_path.sh'
[7.895s] Level 1:colcon.colcon_core.environment:checking '/home/jakub/programming/nxp_car/install/cpp_pubsub/lib'
[7.895s] Level 1:colcon.colcon_core.environment:checking '/home/jakub/programming/nxp_car/install/cpp_pubsub/bin'
[7.895s] Level 1:colcon.colcon_core.environment:checking '/home/jakub/programming/nxp_car/install/cpp_pubsub/lib/pkgconfig/cpp_pubsub.pc'
[7.895s] Level 1:colcon.colcon_core.environment:checking '/home/jakub/programming/nxp_car/install/cpp_pubsub/lib/python3.10/site-packages'
[7.895s] Level 1:colcon.colcon_core.environment:checking '/home/jakub/programming/nxp_car/install/cpp_pubsub/bin'
[7.896s] INFO:colcon.colcon_core.shell:Creating package script '/home/jakub/programming/nxp_car/install/cpp_pubsub/share/cpp_pubsub/package.ps1'
[7.896s] INFO:colcon.colcon_core.shell:Creating package descriptor '/home/jakub/programming/nxp_car/install/cpp_pubsub/share/cpp_pubsub/package.dsv'
[7.896s] INFO:colcon.colcon_core.shell:Creating package script '/home/jakub/programming/nxp_car/install/cpp_pubsub/share/cpp_pubsub/package.sh'
[7.897s] INFO:colcon.colcon_core.shell:Creating package script '/home/jakub/programming/nxp_car/install/cpp_pubsub/share/cpp_pubsub/package.bash'
[7.897s] INFO:colcon.colcon_core.shell:Creating package script '/home/jakub/programming/nxp_car/install/cpp_pubsub/share/cpp_pubsub/package.zsh'
[7.898s] Level 1:colcon.colcon_core.environment:create_file_with_runtime_dependencies(/home/jakub/programming/nxp_car/install/cpp_pubsub/share/colcon-core/packages/cpp_pubsub)
[7.898s] DEBUG:colcon.colcon_parallel_executor.executor.parallel:closing loop
[7.898s] DEBUG:colcon.colcon_parallel_executor.executor.parallel:loop closed
[7.898s] DEBUG:colcon.colcon_parallel_executor.executor.parallel:run_until_complete finished with '0'
[7.898s] DEBUG:colcon.colcon_core.event_reactor:joining thread
[7.902s] INFO:colcon.colcon_core.plugin_system:Skipping extension 'colcon_notification.desktop_notification.terminal_notifier': Not used on non-Darwin systems
[7.902s] INFO:colcon.colcon_core.plugin_system:Skipping extension 'colcon_notification.desktop_notification.win32': Not used on non-Windows systems
[7.902s] INFO:colcon.colcon_notification.desktop_notification:Sending desktop notification using 'notify2'
[7.910s] DEBUG:colcon.colcon_core.event_reactor:joined thread
[7.911s] INFO:colcon.colcon_core.shell:Creating prefix script '/home/jakub/programming/nxp_car/install/local_setup.ps1'
[7.912s] INFO:colcon.colcon_core.shell:Creating prefix util module '/home/jakub/programming/nxp_car/install/_local_setup_util_ps1.py'
[7.913s] INFO:colcon.colcon_core.shell:Creating prefix chain script '/home/jakub/programming/nxp_car/install/setup.ps1'
[7.914s] INFO:colcon.colcon_core.shell:Creating prefix script '/home/jakub/programming/nxp_car/install/local_setup.sh'
[7.914s] INFO:colcon.colcon_core.shell:Creating prefix util module '/home/jakub/programming/nxp_car/install/_local_setup_util_sh.py'
[7.915s] INFO:colcon.colcon_core.shell:Creating prefix chain script '/home/jakub/programming/nxp_car/install/setup.sh'
[7.916s] INFO:colcon.colcon_core.shell:Creating prefix script '/home/jakub/programming/nxp_car/install/local_setup.bash'
[7.916s] INFO:colcon.colcon_core.shell:Creating prefix chain script '/home/jakub/programming/nxp_car/install/setup.bash'
[7.917s] INFO:colcon.colcon_core.shell:Creating prefix script '/home/jakub/programming/nxp_car/install/local_setup.zsh'
[7.917s] INFO:colcon.colcon_core.shell:Creating prefix chain script '/home/jakub/programming/nxp_car/install/setup.zsh'
